[2026-04-13 02:25:08Z INFO HostContext] No proxy settings were found based on environmental variables (http_proxy/https_proxy/HTTP_PROXY/HTTPS_PROXY)
[2026-04-13 02:25:08Z INFO HostContext] Well known directory 'Bin': 'C:\Users\sypark5\TestAgent\actions-runner\bin'
[2026-04-13 02:25:08Z INFO HostContext] Well known directory 'Root': 'C:\Users\sypark5\TestAgent\actions-runner'
[2026-04-13 02:25:08Z INFO HostContext] Well known config file 'Credentials': 'C:\Users\sypark5\TestAgent\actions-runner\.credentials'
[2026-04-13 02:25:08Z INFO HostContext] Well known directory 'Bin': 'C:\Users\sypark5\TestAgent\actions-runner\bin'
[2026-04-13 02:25:08Z INFO HostContext] Well known directory 'Root': 'C:\Users\sypark5\TestAgent\actions-runner'
[2026-04-13 02:25:08Z INFO HostContext] Well known config file 'Runner': 'C:\Users\sypark5\TestAgent\actions-runner\.runner'
[2026-04-13 02:25:08Z INFO Listener] Runner is built for Windows (X64) - win-x64.
[2026-04-13 02:25:08Z INFO Listener] RuntimeInformation: Microsoft Windows 10.0.26200.
[2026-04-13 02:25:08Z INFO Listener] Version: 2.333.1
[2026-04-13 02:25:08Z INFO Listener] Commit: 6792966801e8925346735b68c03bf9f347af4646
[2026-04-13 02:25:08Z INFO Listener] Culture: ko-KR
[2026-04-13 02:25:08Z INFO Listener] UI Culture: ko-KR
[2026-04-13 02:25:08Z INFO HostContext] Well known directory 'Bin': 'C:\Users\sypark5\TestAgent\actions-runner\bin'
[2026-04-13 02:25:08Z INFO HostContext] Well known directory 'Root': 'C:\Users\sypark5\TestAgent\actions-runner'
[2026-04-13 02:25:08Z INFO Listener] Validating directory permissions for: 'C:\Users\sypark5\TestAgent\actions-runner'
[2026-04-13 02:25:08Z INFO CommandLineParser] Parse
[2026-04-13 02:25:08Z INFO CommandLineParser] Parsing 1 args
[2026-04-13 02:25:08Z INFO CommandLineParser] parsing argument
[2026-04-13 02:25:08Z INFO CommandLineParser] HasArgs: False
[2026-04-13 02:25:08Z INFO CommandLineParser] Adding Command: run
[2026-04-13 02:25:08Z INFO Listener] Arguments parsed
[2026-04-13 02:25:08Z INFO Runner] ExecuteCommand
[2026-04-13 02:25:08Z INFO ConfigurationStore] currentAssemblyLocation: C:\Users\sypark5\TestAgent\actions-runner\bin\Runner.Listener.dll
[2026-04-13 02:25:08Z INFO HostContext] Well known directory 'Bin': 'C:\Users\sypark5\TestAgent\actions-runner\bin'
[2026-04-13 02:25:08Z INFO ConfigurationStore] binPath: C:\Users\sypark5\TestAgent\actions-runner\bin
[2026-04-13 02:25:08Z INFO HostContext] Well known directory 'Bin': 'C:\Users\sypark5\TestAgent\actions-runner\bin'
[2026-04-13 02:25:08Z INFO HostContext] Well known directory 'Root': 'C:\Users\sypark5\TestAgent\actions-runner'
[2026-04-13 02:25:08Z INFO ConfigurationStore] RootFolder: C:\Users\sypark5\TestAgent\actions-runner
[2026-04-13 02:25:08Z INFO HostContext] Well known directory 'Bin': 'C:\Users\sypark5\TestAgent\actions-runner\bin'
[2026-04-13 02:25:08Z INFO HostContext] Well known directory 'Root': 'C:\Users\sypark5\TestAgent\actions-runner'
[2026-04-13 02:25:08Z INFO HostContext] Well known config file 'Runner': 'C:\Users\sypark5\TestAgent\actions-runner\.runner'
[2026-04-13 02:25:08Z INFO ConfigurationStore] ConfigFilePath: C:\Users\sypark5\TestAgent\actions-runner\.runner
[2026-04-13 02:25:08Z INFO HostContext] Well known directory 'Bin': 'C:\Users\sypark5\TestAgent\actions-runner\bin'
[2026-04-13 02:25:08Z INFO HostContext] Well known directory 'Root': 'C:\Users\sypark5\TestAgent\actions-runner'
[2026-04-13 02:25:08Z INFO HostContext] Well known config file 'MigratedRunner': 'C:\Users\sypark5\TestAgent\actions-runner\.runner_migrated'
[2026-04-13 02:25:08Z INFO ConfigurationStore] MigratedConfigFilePath: C:\Users\sypark5\TestAgent\actions-runner\.runner_migrated
[2026-04-13 02:25:08Z INFO HostContext] Well known directory 'Bin': 'C:\Users\sypark5\TestAgent\actions-runner\bin'
[2026-04-13 02:25:08Z INFO HostContext] Well known directory 'Root': 'C:\Users\sypark5\TestAgent\actions-runner'
[2026-04-13 02:25:08Z INFO HostContext] Well known config file 'Credentials': 'C:\Users\sypark5\TestAgent\actions-runner\.credentials'
[2026-04-13 02:25:08Z INFO ConfigurationStore] CredFilePath: C:\Users\sypark5\TestAgent\actions-runner\.credentials
[2026-04-13 02:25:08Z INFO HostContext] Well known directory 'Bin': 'C:\Users\sypark5\TestAgent\actions-runner\bin'
[2026-04-13 02:25:08Z INFO HostContext] Well known directory 'Root': 'C:\Users\sypark5\TestAgent\actions-runner'
[2026-04-13 02:25:08Z INFO HostContext] Well known config file 'MigratedCredentials': 'C:\Users\sypark5\TestAgent\actions-runner\.credentials_migrated'
[2026-04-13 02:25:08Z INFO ConfigurationStore] MigratedCredFilePath: C:\Users\sypark5\TestAgent\actions-runner\.credentials_migrated
[2026-04-13 02:25:08Z INFO HostContext] Well known directory 'Bin': 'C:\Users\sypark5\TestAgent\actions-runner\bin'
[2026-04-13 02:25:08Z INFO HostContext] Well known directory 'Root': 'C:\Users\sypark5\TestAgent\actions-runner'
[2026-04-13 02:25:08Z INFO HostContext] Well known config file 'Service': 'C:\Users\sypark5\TestAgent\actions-runner\.service'
[2026-04-13 02:25:08Z INFO ConfigurationStore] ServiceConfigFilePath: C:\Users\sypark5\TestAgent\actions-runner\.service
[2026-04-13 02:25:08Z INFO CommandSettings] Flag 'help': 'False'
[2026-04-13 02:25:08Z INFO CommandSettings] Flag 'version': 'False'
[2026-04-13 02:25:08Z INFO CommandSettings] Flag 'commit': 'False'
[2026-04-13 02:25:08Z INFO CommandSettings] Flag 'check': 'False'
[2026-04-13 02:25:08Z INFO CommandSettings] Command 'configure': 'False'
[2026-04-13 02:25:08Z INFO CommandSettings] Command 'remove': 'False'
[2026-04-13 02:25:08Z INFO CommandSettings] Command 'warmup': 'False'
[2026-04-13 02:25:08Z INFO ConfigurationManager] LoadSettings
[2026-04-13 02:25:08Z INFO ConfigurationStore] IsConfigured()
[2026-04-13 02:25:08Z INFO ConfigurationStore] IsConfigured: True
[2026-04-13 02:25:08Z INFO ConfigurationManager] Is configured: True
[2026-04-13 02:25:08Z INFO ConfigurationStore] Read setting file: 395 chars
[2026-04-13 02:25:08Z INFO ConfigurationManager] Settings Loaded
[2026-04-13 02:25:08Z INFO ConfigurationStore] IsServiceConfigured()
[2026-04-13 02:25:08Z INFO ConfigurationStore] IsServiceConfigured: False
[2026-04-13 02:25:08Z INFO CommandSettings] Command 'run': 'True'
[2026-04-13 02:25:08Z INFO ConfigurationStore] IsConfigured()
[2026-04-13 02:25:08Z INFO ConfigurationStore] IsConfigured: True
[2026-04-13 02:25:08Z INFO ConfigurationManager] Is configured: True
[2026-04-13 02:25:08Z INFO Runner] Could not parse the argument value '' for StartupType. Defaulting to Manual
[2026-04-13 02:25:08Z INFO Runner] Set runner startup type - Manual
[2026-04-13 02:25:08Z INFO CommandSettings] Flag 'once': 'False'
[2026-04-13 02:25:08Z INFO CommandSettings] Flag 'once': 'False'
[2026-04-13 02:25:08Z INFO Runner] RunAsync
[2026-04-13 02:25:08Z INFO HostContext] Well known directory 'Bin': 'C:\Users\sypark5\TestAgent\actions-runner\bin'
[2026-04-13 02:25:08Z INFO HostContext] Well known directory 'Root': 'C:\Users\sypark5\TestAgent\actions-runner'
[2026-04-13 02:25:08Z INFO HostContext] Well known directory 'Work': 'C:\Users\sypark5\TestAgent\actions-runner\_work'
[2026-04-13 02:25:08Z INFO Runner] Validating directory permissions for: 'C:\Users\sypark5\TestAgent\actions-runner\_work'
[2026-04-13 02:25:08Z INFO ConfigurationManager] LoadMigratedSettings
[2026-04-13 02:25:08Z INFO ConfigurationStore] IsMigratedConfigured()
[2026-04-13 02:25:08Z INFO ConfigurationStore] IsMigratedConfigured: False
[2026-04-13 02:25:08Z INFO Runner] Failed to load migrated settings: No migrated configuration found.
[2026-04-13 02:25:08Z INFO Runner] Falling back to original .runner settings
[2026-04-13 02:25:08Z INFO Runner] Using BrokerMessageListener
[2026-04-13 02:25:08Z INFO BrokerMessageListener] Using provided settings
[2026-04-13 02:25:08Z INFO BrokerMessageListener] {
  "AgentId": 3,
  "AgentName": "SYPARK5_DT01",
  "PoolId": 1,
  "PoolName": "Default",
  "ServerUrl": "https://pipelinesghubeus21.actions.githubusercontent.com/lI8n5nDzUfbmpWjBO3LE26zf2zbvPC72YRoR4mQIS0Xjs5Rnvh/",
  "GitHubUrl": "https://github.com/soyeon911/Test_Auto",
  "WorkFolder": "_work",
  "UseV2Flow": true,
  "ServerUrlV2": "https://broker.actions.githubusercontent.com/"
}
[2026-04-13 02:25:08Z INFO BrokerMessageListener] Loading Credentials
[2026-04-13 02:25:08Z INFO ConfigurationStore] HasCredentials()
[2026-04-13 02:25:08Z INFO ConfigurationStore] stored True
[2026-04-13 02:25:08Z INFO CredentialManager] GetCredentialProvider
[2026-04-13 02:25:08Z INFO CredentialManager] Creating type OAuth
[2026-04-13 02:25:08Z INFO CredentialManager] Creating credential type: OAuth
[2026-04-13 02:25:08Z INFO HostContext] Well known directory 'Bin': 'C:\Users\sypark5\TestAgent\actions-runner\bin'
[2026-04-13 02:25:08Z INFO HostContext] Well known directory 'Root': 'C:\Users\sypark5\TestAgent\actions-runner'
[2026-04-13 02:25:08Z INFO HostContext] Well known config file 'RSACredentials': 'C:\Users\sypark5\TestAgent\actions-runner\.credentials_rsaparams'
[2026-04-13 02:25:08Z INFO RSAEncryptedFileKeyManager] Loading RSA key parameters from file C:\Users\sypark5\TestAgent\actions-runner\.credentials_rsaparams
[2026-04-13 02:25:08Z INFO BrokerMessageListener] Attempt to create session.
[2026-04-13 02:25:08Z INFO BrokerMessageListener] Connecting to the Broker Server...
[2026-04-13 02:25:08Z INFO ConfigurationStore] HasCredentials()
[2026-04-13 02:25:08Z INFO ConfigurationStore] stored True
[2026-04-13 02:25:08Z INFO CredentialManager] GetCredentialProvider
[2026-04-13 02:25:08Z INFO CredentialManager] Creating type OAuth
[2026-04-13 02:25:08Z INFO CredentialManager] Creating credential type: OAuth
[2026-04-13 02:25:08Z INFO RSAEncryptedFileKeyManager] Loading RSA key parameters from file C:\Users\sypark5\TestAgent\actions-runner\.credentials_rsaparams
[2026-04-13 02:25:08Z INFO BrokerMessageListener] VssConnection created
[2026-04-13 02:25:08Z INFO BrokerMessageListener] Connecting to the Runner server...
[2026-04-13 02:25:08Z INFO RunnerServer] EstablishVssConnection
[2026-04-13 02:25:08Z INFO RunnerServer] Establish connection with 100 seconds timeout.
[2026-04-13 02:25:08Z INFO GitHubActionsService] Starting operation Location.GetConnectionData
[2026-04-13 02:25:08Z INFO RunnerServer] EstablishVssConnection
[2026-04-13 02:25:08Z INFO RunnerServer] Establish connection with 60 seconds timeout.
[2026-04-13 02:25:08Z INFO GitHubActionsService] Starting operation Location.GetConnectionData
[2026-04-13 02:25:08Z INFO RunnerServer] EstablishVssConnection
[2026-04-13 02:25:08Z INFO RunnerServer] Establish connection with 60 seconds timeout.
[2026-04-13 02:25:08Z INFO GitHubActionsService] Starting operation Location.GetConnectionData
[2026-04-13 02:25:09Z INFO GitHubActionsService] Finished operation Location.GetConnectionData
[2026-04-13 02:25:09Z INFO GitHubActionsService] Finished operation Location.GetConnectionData
[2026-04-13 02:25:09Z INFO GitHubActionsService] Finished operation Location.GetConnectionData
[2026-04-13 02:25:09Z INFO BrokerMessageListener] VssConnection created
[2026-04-13 02:25:09Z INFO Terminal] WRITE LINE: 
[2026-04-13 02:25:09Z INFO Terminal] WRITE LINE: 
[2026-04-13 02:25:09Z INFO RSAEncryptedFileKeyManager] Loading RSA key parameters from file C:\Users\sypark5\TestAgent\actions-runner\.credentials_rsaparams
[2026-04-13 02:25:09Z INFO RSAEncryptedFileKeyManager] Loading RSA key parameters from file C:\Users\sypark5\TestAgent\actions-runner\.credentials_rsaparams
[2026-04-13 02:25:10Z INFO GitHubActionsService] AAD Correlation ID for this token request: Unknown
[2026-04-13 02:25:10Z INFO BrokerMessageListener] Session created.
[2026-04-13 02:25:10Z INFO Terminal] WRITE LINE: Current runner version: '2.333.1'
[2026-04-13 02:25:10Z INFO Terminal] WRITE LINE: 2026-04-13 02:25:10Z: Listening for Jobs
[2026-04-13 02:25:10Z INFO JobDispatcher] Set runner/worker IPC timeout to 30 seconds.
[2026-04-13 02:26:20Z INFO BrokerMessageListener] Acknowledging runner request 'cc5acf36-e33c-5ac3-9561-3b38af6a25ba'.
[2026-04-13 02:26:20Z INFO ConfigurationStore] HasCredentials()
[2026-04-13 02:26:20Z INFO ConfigurationStore] stored True
[2026-04-13 02:26:20Z INFO CredentialManager] GetCredentialProvider
[2026-04-13 02:26:20Z INFO CredentialManager] Creating type OAuth
[2026-04-13 02:26:20Z INFO CredentialManager] Creating credential type: OAuth
[2026-04-13 02:26:20Z INFO RSAEncryptedFileKeyManager] Loading RSA key parameters from file C:\Users\sypark5\TestAgent\actions-runner\.credentials_rsaparams
[2026-04-13 02:26:20Z INFO RSAEncryptedFileKeyManager] Loading RSA key parameters from file C:\Users\sypark5\TestAgent\actions-runner\.credentials_rsaparams
[2026-04-13 02:26:20Z INFO RSAEncryptedFileKeyManager] Loading RSA key parameters from file C:\Users\sypark5\TestAgent\actions-runner\.credentials_rsaparams
[2026-04-13 02:26:21Z INFO GitHubActionsService] AAD Correlation ID for this token request: Unknown
[2026-04-13 02:26:22Z INFO JobDispatcher] Job request 0 for plan 652a2551-fbd6-4c3f-94a0-a6619c8e1a02 job cc5acf36-e33c-5ac3-9561-3b38af6a25ba received.
[2026-04-13 02:26:22Z INFO JobDispatcher] Pull OrchestrationId 652a2551-fbd6-4c3f-94a0-a6619c8e1a02.detect-changes.__default from JWT claims
[2026-04-13 02:26:22Z INFO BrokerMessageListener] Received job status event. JobState: Busy
[2026-04-13 02:26:22Z INFO BrokerMessageListener] _getMessagesTokenSource is already disposed.
[2026-04-13 02:26:22Z INFO Terminal] WRITE LINE: 2026-04-13 02:26:22Z: Running job: 변경 감지 (Swagger Hash + Server Version)
[2026-04-13 02:26:22Z INFO JobDispatcher] Start renew job request 0 for job cc5acf36-e33c-5ac3-9561-3b38af6a25ba.
[2026-04-13 02:26:23Z INFO JobDispatcher] Successfully renew job cc5acf36-e33c-5ac3-9561-3b38af6a25ba, job is valid till 2026-04-13 오전 2:36:23
[2026-04-13 02:26:23Z INFO HostContext] Well known directory 'Bin': 'C:\Users\sypark5\TestAgent\actions-runner\bin'
[2026-04-13 02:26:23Z INFO ProcessInvokerWrapper] Starting process:
[2026-04-13 02:26:23Z INFO ProcessInvokerWrapper]   File name: 'C:\Users\sypark5\TestAgent\actions-runner\bin\Runner.Worker.exe'
[2026-04-13 02:26:23Z INFO ProcessInvokerWrapper]   Arguments: 'spawnclient 1324 2000'
[2026-04-13 02:26:23Z INFO ProcessInvokerWrapper]   Working directory: 'C:\Users\sypark5\TestAgent\actions-runner\bin'
[2026-04-13 02:26:23Z INFO ProcessInvokerWrapper]   Require exit code zero: 'False'
[2026-04-13 02:26:23Z INFO ProcessInvokerWrapper]   Encoding web name:  ; code page: ''
[2026-04-13 02:26:23Z INFO ProcessInvokerWrapper]   Force kill process on cancellation: 'True'
[2026-04-13 02:26:23Z INFO ProcessInvokerWrapper]   Redirected STDIN: 'False'
[2026-04-13 02:26:23Z INFO ProcessInvokerWrapper]   Persist current code page: 'False'
[2026-04-13 02:26:23Z INFO ProcessInvokerWrapper]   Keep redirected STDIN open: 'False'
[2026-04-13 02:26:23Z INFO ProcessInvokerWrapper]   High priority process: 'True'
[2026-04-13 02:26:23Z INFO ProcessInvokerWrapper] Process started with process id 16240, waiting for process exit.
[2026-04-13 02:26:23Z INFO JobDispatcher] Send job request message to worker for job cc5acf36-e33c-5ac3-9561-3b38af6a25ba.
[2026-04-13 02:26:23Z INFO ProcessChannel] Sending message of length 23182, with hash 'a97e495670c893f2ca633d8a56e4370b9970c2a4e63acfc38f854cbafa01af46'
[2026-04-13 02:26:23Z INFO JobNotification] Entering JobStarted Notification
[2026-04-13 02:26:23Z INFO JobNotification] Entering StartMonitor
[2026-04-13 02:26:49Z INFO ProcessInvokerWrapper] STDOUT/STDERR stream read finished.
[2026-04-13 02:26:49Z INFO ProcessInvokerWrapper] STDOUT/STDERR stream read finished.
[2026-04-13 02:26:49Z INFO ProcessInvokerWrapper] Finished process 16240 with exit code 100, and elapsed time 00:00:26.5492917.
[2026-04-13 02:26:49Z INFO JobDispatcher] Worker finished for job cc5acf36-e33c-5ac3-9561-3b38af6a25ba. Code: 100
[2026-04-13 02:26:49Z INFO JobDispatcher] finish job request for job cc5acf36-e33c-5ac3-9561-3b38af6a25ba with result: Succeeded
[2026-04-13 02:26:49Z INFO Terminal] WRITE LINE: 2026-04-13 02:26:49Z: Job 변경 감지 (Swagger Hash + Server Version) completed with result: Succeeded
[2026-04-13 02:26:49Z INFO JobDispatcher] Stop renew job request for job cc5acf36-e33c-5ac3-9561-3b38af6a25ba.
[2026-04-13 02:26:49Z INFO JobDispatcher] job renew has been cancelled, stop renew job cc5acf36-e33c-5ac3-9561-3b38af6a25ba.
[2026-04-13 02:26:49Z INFO JobNotification] Entering JobCompleted Notification
[2026-04-13 02:26:49Z INFO JobNotification] Entering EndMonitor
[2026-04-13 02:26:49Z INFO BrokerMessageListener] Received job status event. JobState: Online
[2026-04-13 02:26:49Z WARN GitHubActionsService] GET request to https://broker.actions.githubusercontent.com/message?sessionId=0476ca9c-e647-47c9-b078-183d933ee7bf&status=Busy&runnerVersion=2.333.1&os=Windows&architecture=X64&disableUpdate=false has been cancelled.
[2026-04-13 02:26:49Z ERR  BrokerServer] Catch exception during request
[2026-04-13 02:26:49Z ERR  BrokerServer] System.Threading.Tasks.TaskCanceledException: The operation was canceled.
 ---> System.Threading.Tasks.TaskCanceledException: The operation was canceled.
 ---> System.IO.IOException: Unable to read data from the transport connection: 스레드 종료 또는 응용 프로그램 요청 때문에 I/O 작업이 취소되었습니다..
 ---> System.Net.Sockets.SocketException (995): 스레드 종료 또는 응용 프로그램 요청 때문에 I/O 작업이 취소되었습니다.
   --- End of inner exception stack trace ---
   at System.Net.Sockets.Socket.AwaitableSocketAsyncEventArgs.ThrowException(SocketError error, CancellationToken cancellationToken)
   at System.Net.Sockets.Socket.AwaitableSocketAsyncEventArgs.System.Threading.Tasks.Sources.IValueTaskSource<System.Int32>.GetResult(Int16 token)
   at System.Net.Security.SslStream.EnsureFullTlsFrameAsync[TIOAdapter](CancellationToken cancellationToken, Int32 estimatedSize)
   at System.Runtime.CompilerServices.PoolingAsyncValueTaskMethodBuilder`1.StateMachineBox`1.System.Threading.Tasks.Sources.IValueTaskSource<TResult>.GetResult(Int16 token)
   at System.Net.Security.SslStream.ReadAsyncInternal[TIOAdapter](Memory`1 buffer, CancellationToken cancellationToken)
   at System.Runtime.CompilerServices.PoolingAsyncValueTaskMethodBuilder`1.StateMachineBox`1.System.Threading.Tasks.Sources.IValueTaskSource<TResult>.GetResult(Int16 token)
   at System.Net.Http.HttpConnection.SendAsync(HttpRequestMessage request, Boolean async, CancellationToken cancellationToken)
   --- End of inner exception stack trace ---
   at System.Net.Http.HttpConnection.SendAsync(HttpRequestMessage request, Boolean async, CancellationToken cancellationToken)
   at System.Net.Http.AuthenticationHelper.SendWithNtAuthAsync(HttpRequestMessage request, Uri authUri, Boolean async, ICredentials credentials, Boolean isProxyAuth, HttpConnection connection, HttpConnectionPool connectionPool, CancellationToken cancellationToken)
   at System.Net.Http.HttpConnectionPool.SendWithVersionDetectionAndRetryAsync(HttpRequestMessage request, Boolean async, Boolean doRequestAuth, CancellationToken cancellationToken)
   at System.Net.Http.AuthenticationHelper.SendWithAuthAsync(HttpRequestMessage request, Uri authUri, Boolean async, ICredentials credentials, Boolean preAuthenticate, Boolean isProxyAuth, Boolean doRequestAuth, HttpConnectionPool pool, CancellationToken cancellationToken)
   at System.Net.Http.RedirectHandler.SendAsync(HttpRequestMessage request, Boolean async, CancellationToken cancellationToken)
   at GitHub.Services.Common.RawHttpMessageHandler.SendAsync(HttpRequestMessage request, CancellationToken cancellationToken)
   at GitHub.Services.Common.VssHttpRetryMessageHandler.SendAsync(HttpRequestMessage request, CancellationToken cancellationToken)
   at System.Net.Http.HttpClient.<SendAsync>g__Core|83_0(HttpRequestMessage request, HttpCompletionOption completionOption, CancellationTokenSource cts, Boolean disposeCts, CancellationTokenSource pendingRequestsCts, CancellationToken originalCancellationToken)
   --- End of inner exception stack trace ---
   at System.Net.Http.HttpClient.HandleFailure(Exception e, Boolean telemetryStarted, HttpResponseMessage response, CancellationTokenSource cts, CancellationToken cancellationToken, CancellationTokenSource pendingRequestsCts)
   at System.Net.Http.HttpClient.<SendAsync>g__Core|83_0(HttpRequestMessage request, HttpCompletionOption completionOption, CancellationTokenSource cts, Boolean disposeCts, CancellationTokenSource pendingRequestsCts, CancellationToken originalCancellationToken)
   at Sdk.WebApi.WebApi.RawHttpClientBase.SendAsync(HttpRequestMessage message, HttpCompletionOption completionOption, Object userState, CancellationToken cancellationToken)
   at Sdk.WebApi.WebApi.RawHttpClientBase.SendAsync[T](HttpRequestMessage message, Boolean readErrorBody, Object userState, CancellationToken cancellationToken)
   at Sdk.WebApi.WebApi.RawHttpClientBase.SendAsync[T](HttpMethod method, IEnumerable`1 additionalHeaders, Uri requestUri, HttpContent content, IEnumerable`1 queryParameters, Boolean readErrorBody, Object userState, CancellationToken cancellationToken)
   at GitHub.Actions.RunService.WebApi.BrokerHttpClient.GetRunnerMessageAsync(Nullable`1 sessionId, String runnerVersion, Nullable`1 status, String os, String architecture, Nullable`1 disableUpdate, CancellationToken cancellationToken)
   at GitHub.Runner.Common.BrokerServer.<>c__DisplayClass7_0.<<GetRunnerMessageAsync>b__0>d.MoveNext()
--- End of stack trace from previous location ---
   at GitHub.Runner.Common.RunnerService.RetryRequest[T](Func`1 func, CancellationToken cancellationToken, Int32 maxAttempts, Func`2 shouldRetry)
[2026-04-13 02:26:49Z ERR  BrokerServer] #####################################################
[2026-04-13 02:26:49Z ERR  BrokerServer] System.Threading.Tasks.TaskCanceledException: The operation was canceled.
 ---> System.IO.IOException: Unable to read data from the transport connection: 스레드 종료 또는 응용 프로그램 요청 때문에 I/O 작업이 취소되었습니다..
 ---> System.Net.Sockets.SocketException (995): 스레드 종료 또는 응용 프로그램 요청 때문에 I/O 작업이 취소되었습니다.
   --- End of inner exception stack trace ---
   at System.Net.Sockets.Socket.AwaitableSocketAsyncEventArgs.ThrowException(SocketError error, CancellationToken cancellationToken)
   at System.Net.Sockets.Socket.AwaitableSocketAsyncEventArgs.System.Threading.Tasks.Sources.IValueTaskSource<System.Int32>.GetResult(Int16 token)
   at System.Net.Security.SslStream.EnsureFullTlsFrameAsync[TIOAdapter](CancellationToken cancellationToken, Int32 estimatedSize)
   at System.Runtime.CompilerServices.PoolingAsyncValueTaskMethodBuilder`1.StateMachineBox`1.System.Threading.Tasks.Sources.IValueTaskSource<TResult>.GetResult(Int16 token)
   at System.Net.Security.SslStream.ReadAsyncInternal[TIOAdapter](Memory`1 buffer, CancellationToken cancellationToken)
   at System.Runtime.CompilerServices.PoolingAsyncValueTaskMethodBuilder`1.StateMachineBox`1.System.Threading.Tasks.Sources.IValueTaskSource<TResult>.GetResult(Int16 token)
   at System.Net.Http.HttpConnection.SendAsync(HttpRequestMessage request, Boolean async, CancellationToken cancellationToken)
   --- End of inner exception stack trace ---
   at System.Net.Http.HttpConnection.SendAsync(HttpRequestMessage request, Boolean async, CancellationToken cancellationToken)
   at System.Net.Http.AuthenticationHelper.SendWithNtAuthAsync(HttpRequestMessage request, Uri authUri, Boolean async, ICredentials credentials, Boolean isProxyAuth, HttpConnection connection, HttpConnectionPool connectionPool, CancellationToken cancellationToken)
   at System.Net.Http.HttpConnectionPool.SendWithVersionDetectionAndRetryAsync(HttpRequestMessage request, Boolean async, Boolean doRequestAuth, CancellationToken cancellationToken)
   at System.Net.Http.AuthenticationHelper.SendWithAuthAsync(HttpRequestMessage request, Uri authUri, Boolean async, ICredentials credentials, Boolean preAuthenticate, Boolean isProxyAuth, Boolean doRequestAuth, HttpConnectionPool pool, CancellationToken cancellationToken)
   at System.Net.Http.RedirectHandler.SendAsync(HttpRequestMessage request, Boolean async, CancellationToken cancellationToken)
   at GitHub.Services.Common.RawHttpMessageHandler.SendAsync(HttpRequestMessage request, CancellationToken cancellationToken)
   at GitHub.Services.Common.VssHttpRetryMessageHandler.SendAsync(HttpRequestMessage request, CancellationToken cancellationToken)
   at System.Net.Http.HttpClient.<SendAsync>g__Core|83_0(HttpRequestMessage request, HttpCompletionOption completionOption, CancellationTokenSource cts, Boolean disposeCts, CancellationTokenSource pendingRequestsCts, CancellationToken originalCancellationToken)
[2026-04-13 02:26:49Z ERR  BrokerServer] #####################################################
[2026-04-13 02:26:49Z ERR  BrokerServer] System.IO.IOException: Unable to read data from the transport connection: 스레드 종료 또는 응용 프로그램 요청 때문에 I/O 작업이 취소되었습니다..
 ---> System.Net.Sockets.SocketException (995): 스레드 종료 또는 응용 프로그램 요청 때문에 I/O 작업이 취소되었습니다.
   --- End of inner exception stack trace ---
   at System.Net.Sockets.Socket.AwaitableSocketAsyncEventArgs.ThrowException(SocketError error, CancellationToken cancellationToken)
   at System.Net.Sockets.Socket.AwaitableSocketAsyncEventArgs.System.Threading.Tasks.Sources.IValueTaskSource<System.Int32>.GetResult(Int16 token)
   at System.Net.Security.SslStream.EnsureFullTlsFrameAsync[TIOAdapter](CancellationToken cancellationToken, Int32 estimatedSize)
   at System.Runtime.CompilerServices.PoolingAsyncValueTaskMethodBuilder`1.StateMachineBox`1.System.Threading.Tasks.Sources.IValueTaskSource<TResult>.GetResult(Int16 token)
   at System.Net.Security.SslStream.ReadAsyncInternal[TIOAdapter](Memory`1 buffer, CancellationToken cancellationToken)
   at System.Runtime.CompilerServices.PoolingAsyncValueTaskMethodBuilder`1.StateMachineBox`1.System.Threading.Tasks.Sources.IValueTaskSource<TResult>.GetResult(Int16 token)
   at System.Net.Http.HttpConnection.SendAsync(HttpRequestMessage request, Boolean async, CancellationToken cancellationToken)
[2026-04-13 02:26:49Z ERR  BrokerServer] #####################################################
[2026-04-13 02:26:49Z ERR  BrokerServer] System.Net.Sockets.SocketException (995): 스레드 종료 또는 응용 프로그램 요청 때문에 I/O 작업이 취소되었습니다.
[2026-04-13 02:26:49Z WARN BrokerServer] Back off 8.396 seconds before next retry. 4 attempt left.
[2026-04-13 02:26:49Z INFO BrokerMessageListener] Get messages has been cancelled using local token source. Continue to get messages with new status.
[2026-04-13 02:26:51Z INFO BrokerMessageListener] Acknowledging runner request 'cb8f9e4f-fa04-5dff-a2bc-ab5f5247efb7'.
[2026-04-13 02:26:51Z INFO ConfigurationStore] HasCredentials()
[2026-04-13 02:26:51Z INFO ConfigurationStore] stored True
[2026-04-13 02:26:51Z INFO CredentialManager] GetCredentialProvider
[2026-04-13 02:26:51Z INFO CredentialManager] Creating type OAuth
[2026-04-13 02:26:51Z INFO CredentialManager] Creating credential type: OAuth
[2026-04-13 02:26:51Z INFO RSAEncryptedFileKeyManager] Loading RSA key parameters from file C:\Users\sypark5\TestAgent\actions-runner\.credentials_rsaparams
[2026-04-13 02:26:51Z INFO RSAEncryptedFileKeyManager] Loading RSA key parameters from file C:\Users\sypark5\TestAgent\actions-runner\.credentials_rsaparams
[2026-04-13 02:26:51Z INFO RSAEncryptedFileKeyManager] Loading RSA key parameters from file C:\Users\sypark5\TestAgent\actions-runner\.credentials_rsaparams
[2026-04-13 02:26:52Z INFO GitHubActionsService] AAD Correlation ID for this token request: Unknown
[2026-04-13 02:26:53Z INFO JobDispatcher] Job request 0 for plan 652a2551-fbd6-4c3f-94a0-a6619c8e1a02 job cb8f9e4f-fa04-5dff-a2bc-ab5f5247efb7 received.
[2026-04-13 02:26:53Z INFO JobDispatcher] Pull OrchestrationId 652a2551-fbd6-4c3f-94a0-a6619c8e1a02.run-pipeline.__default from JWT claims
[2026-04-13 02:26:53Z INFO BrokerMessageListener] Received job status event. JobState: Busy
[2026-04-13 02:26:53Z INFO BrokerMessageListener] _getMessagesTokenSource is already disposed.
[2026-04-13 02:26:53Z INFO JobDispatcher] Job request cc5acf36-e33c-5ac3-9561-3b38af6a25ba processed succeed.
[2026-04-13 02:26:53Z INFO Terminal] WRITE LINE: 2026-04-13 02:26:53Z: Running job: AutoTC 파이프라인 실행
[2026-04-13 02:26:53Z INFO JobDispatcher] Start renew job request 0 for job cb8f9e4f-fa04-5dff-a2bc-ab5f5247efb7.
[2026-04-13 02:26:54Z INFO JobDispatcher] Successfully renew job cb8f9e4f-fa04-5dff-a2bc-ab5f5247efb7, job is valid till 2026-04-13 오전 2:36:54
[2026-04-13 02:26:54Z INFO HostContext] Well known directory 'Bin': 'C:\Users\sypark5\TestAgent\actions-runner\bin'
[2026-04-13 02:26:54Z INFO ProcessInvokerWrapper] Starting process:
[2026-04-13 02:26:54Z INFO ProcessInvokerWrapper]   File name: 'C:\Users\sypark5\TestAgent\actions-runner\bin\Runner.Worker.exe'
[2026-04-13 02:26:54Z INFO ProcessInvokerWrapper]   Arguments: 'spawnclient 2280 2292'
[2026-04-13 02:26:54Z INFO ProcessInvokerWrapper]   Working directory: 'C:\Users\sypark5\TestAgent\actions-runner\bin'
[2026-04-13 02:26:54Z INFO ProcessInvokerWrapper]   Require exit code zero: 'False'
[2026-04-13 02:26:54Z INFO ProcessInvokerWrapper]   Encoding web name:  ; code page: ''
[2026-04-13 02:26:54Z INFO ProcessInvokerWrapper]   Force kill process on cancellation: 'True'
[2026-04-13 02:26:54Z INFO ProcessInvokerWrapper]   Redirected STDIN: 'False'
[2026-04-13 02:26:54Z INFO ProcessInvokerWrapper]   Persist current code page: 'False'
[2026-04-13 02:26:54Z INFO ProcessInvokerWrapper]   Keep redirected STDIN open: 'False'
[2026-04-13 02:26:54Z INFO ProcessInvokerWrapper]   High priority process: 'True'
[2026-04-13 02:26:54Z INFO ProcessInvokerWrapper] Process started with process id 17076, waiting for process exit.
[2026-04-13 02:26:54Z INFO JobDispatcher] Send job request message to worker for job cb8f9e4f-fa04-5dff-a2bc-ab5f5247efb7.
[2026-04-13 02:26:54Z INFO ProcessChannel] Sending message of length 31144, with hash '37e1c640ae29ab4bbfef56997a7691c180a6b50a7e2ef3e47404089a7192f5f7'
[2026-04-13 02:26:54Z INFO JobNotification] Entering JobStarted Notification
[2026-04-13 02:26:54Z INFO JobNotification] Entering StartMonitor
[2026-04-13 02:27:54Z INFO JobDispatcher] Successfully renew job cb8f9e4f-fa04-5dff-a2bc-ab5f5247efb7, job is valid till 2026-04-13 오전 2:37:54
[2026-04-13 02:27:58Z INFO ProcessInvokerWrapper] STDOUT/STDERR stream read finished.
[2026-04-13 02:27:58Z INFO ProcessInvokerWrapper] STDOUT/STDERR stream read finished.
[2026-04-13 02:27:58Z INFO ProcessInvokerWrapper] Finished process 17076 with exit code 102, and elapsed time 00:01:03.9427417.
[2026-04-13 02:27:58Z INFO JobDispatcher] Worker finished for job cb8f9e4f-fa04-5dff-a2bc-ab5f5247efb7. Code: 102
[2026-04-13 02:27:58Z INFO JobDispatcher] finish job request for job cb8f9e4f-fa04-5dff-a2bc-ab5f5247efb7 with result: Failed
[2026-04-13 02:27:58Z INFO Terminal] WRITE LINE: 2026-04-13 02:27:58Z: Job AutoTC 파이프라인 실행 completed with result: Failed
[2026-04-13 02:27:58Z INFO JobDispatcher] Stop renew job request for job cb8f9e4f-fa04-5dff-a2bc-ab5f5247efb7.
[2026-04-13 02:27:58Z INFO JobDispatcher] job renew has been cancelled, stop renew job cb8f9e4f-fa04-5dff-a2bc-ab5f5247efb7.
[2026-04-13 02:27:58Z INFO JobNotification] Entering JobCompleted Notification
[2026-04-13 02:27:58Z INFO JobNotification] Entering EndMonitor
[2026-04-13 02:27:58Z INFO BrokerMessageListener] Received job status event. JobState: Online
[2026-04-13 02:27:58Z WARN GitHubActionsService] GET request to https://broker.actions.githubusercontent.com/message?sessionId=0476ca9c-e647-47c9-b078-183d933ee7bf&status=Busy&runnerVersion=2.333.1&os=Windows&architecture=X64&disableUpdate=false has been cancelled.
[2026-04-13 02:27:58Z ERR  BrokerServer] Catch exception during request
[2026-04-13 02:27:58Z ERR  BrokerServer] System.Threading.Tasks.TaskCanceledException: The operation was canceled.
 ---> System.Threading.Tasks.TaskCanceledException: The operation was canceled.
 ---> System.IO.IOException: Unable to read data from the transport connection: 스레드 종료 또는 응용 프로그램 요청 때문에 I/O 작업이 취소되었습니다..
 ---> System.Net.Sockets.SocketException (995): 스레드 종료 또는 응용 프로그램 요청 때문에 I/O 작업이 취소되었습니다.
   --- End of inner exception stack trace ---
   at System.Net.Sockets.Socket.AwaitableSocketAsyncEventArgs.ThrowException(SocketError error, CancellationToken cancellationToken)
   at System.Net.Sockets.Socket.AwaitableSocketAsyncEventArgs.System.Threading.Tasks.Sources.IValueTaskSource<System.Int32>.GetResult(Int16 token)
   at System.Net.Security.SslStream.EnsureFullTlsFrameAsync[TIOAdapter](CancellationToken cancellationToken, Int32 estimatedSize)
   at System.Runtime.CompilerServices.PoolingAsyncValueTaskMethodBuilder`1.StateMachineBox`1.System.Threading.Tasks.Sources.IValueTaskSource<TResult>.GetResult(Int16 token)
   at System.Net.Security.SslStream.ReadAsyncInternal[TIOAdapter](Memory`1 buffer, CancellationToken cancellationToken)
   at System.Runtime.CompilerServices.PoolingAsyncValueTaskMethodBuilder`1.StateMachineBox`1.System.Threading.Tasks.Sources.IValueTaskSource<TResult>.GetResult(Int16 token)
   at System.Net.Http.HttpConnection.SendAsync(HttpRequestMessage request, Boolean async, CancellationToken cancellationToken)
   --- End of inner exception stack trace ---
   at System.Net.Http.HttpConnection.SendAsync(HttpRequestMessage request, Boolean async, CancellationToken cancellationToken)
   at System.Net.Http.AuthenticationHelper.SendWithNtAuthAsync(HttpRequestMessage request, Uri authUri, Boolean async, ICredentials credentials, Boolean isProxyAuth, HttpConnection connection, HttpConnectionPool connectionPool, CancellationToken cancellationToken)
   at System.Net.Http.HttpConnectionPool.SendWithVersionDetectionAndRetryAsync(HttpRequestMessage request, Boolean async, Boolean doRequestAuth, CancellationToken cancellationToken)
   at System.Net.Http.AuthenticationHelper.SendWithAuthAsync(HttpRequestMessage request, Uri authUri, Boolean async, ICredentials credentials, Boolean preAuthenticate, Boolean isProxyAuth, Boolean doRequestAuth, HttpConnectionPool pool, CancellationToken cancellationToken)
   at System.Net.Http.RedirectHandler.SendAsync(HttpRequestMessage request, Boolean async, CancellationToken cancellationToken)
   at GitHub.Services.Common.RawHttpMessageHandler.SendAsync(HttpRequestMessage request, CancellationToken cancellationToken)
   at GitHub.Services.Common.VssHttpRetryMessageHandler.SendAsync(HttpRequestMessage request, CancellationToken cancellationToken)
   at System.Net.Http.HttpClient.<SendAsync>g__Core|83_0(HttpRequestMessage request, HttpCompletionOption completionOption, CancellationTokenSource cts, Boolean disposeCts, CancellationTokenSource pendingRequestsCts, CancellationToken originalCancellationToken)
   --- End of inner exception stack trace ---
   at System.Net.Http.HttpClient.HandleFailure(Exception e, Boolean telemetryStarted, HttpResponseMessage response, CancellationTokenSource cts, CancellationToken cancellationToken, CancellationTokenSource pendingRequestsCts)
   at System.Net.Http.HttpClient.<SendAsync>g__Core|83_0(HttpRequestMessage request, HttpCompletionOption completionOption, CancellationTokenSource cts, Boolean disposeCts, CancellationTokenSource pendingRequestsCts, CancellationToken originalCancellationToken)
   at Sdk.WebApi.WebApi.RawHttpClientBase.SendAsync(HttpRequestMessage message, HttpCompletionOption completionOption, Object userState, CancellationToken cancellationToken)
   at Sdk.WebApi.WebApi.RawHttpClientBase.SendAsync[T](HttpRequestMessage message, Boolean readErrorBody, Object userState, CancellationToken cancellationToken)
   at Sdk.WebApi.WebApi.RawHttpClientBase.SendAsync[T](HttpMethod method, IEnumerable`1 additionalHeaders, Uri requestUri, HttpContent content, IEnumerable`1 queryParameters, Boolean readErrorBody, Object userState, CancellationToken cancellationToken)
   at GitHub.Actions.RunService.WebApi.BrokerHttpClient.GetRunnerMessageAsync(Nullable`1 sessionId, String runnerVersion, Nullable`1 status, String os, String architecture, Nullable`1 disableUpdate, CancellationToken cancellationToken)
   at GitHub.Runner.Common.BrokerServer.<>c__DisplayClass7_0.<<GetRunnerMessageAsync>b__0>d.MoveNext()
--- End of stack trace from previous location ---
   at GitHub.Runner.Common.RunnerService.RetryRequest[T](Func`1 func, CancellationToken cancellationToken, Int32 maxAttempts, Func`2 shouldRetry)
[2026-04-13 02:27:58Z ERR  BrokerServer] #####################################################
[2026-04-13 02:27:58Z ERR  BrokerServer] System.Threading.Tasks.TaskCanceledException: The operation was canceled.
 ---> System.IO.IOException: Unable to read data from the transport connection: 스레드 종료 또는 응용 프로그램 요청 때문에 I/O 작업이 취소되었습니다..
 ---> System.Net.Sockets.SocketException (995): 스레드 종료 또는 응용 프로그램 요청 때문에 I/O 작업이 취소되었습니다.
   --- End of inner exception stack trace ---
   at System.Net.Sockets.Socket.AwaitableSocketAsyncEventArgs.ThrowException(SocketError error, CancellationToken cancellationToken)
   at System.Net.Sockets.Socket.AwaitableSocketAsyncEventArgs.System.Threading.Tasks.Sources.IValueTaskSource<System.Int32>.GetResult(Int16 token)
   at System.Net.Security.SslStream.EnsureFullTlsFrameAsync[TIOAdapter](CancellationToken cancellationToken, Int32 estimatedSize)
   at System.Runtime.CompilerServices.PoolingAsyncValueTaskMethodBuilder`1.StateMachineBox`1.System.Threading.Tasks.Sources.IValueTaskSource<TResult>.GetResult(Int16 token)
   at System.Net.Security.SslStream.ReadAsyncInternal[TIOAdapter](Memory`1 buffer, CancellationToken cancellationToken)
   at System.Runtime.CompilerServices.PoolingAsyncValueTaskMethodBuilder`1.StateMachineBox`1.System.Threading.Tasks.Sources.IValueTaskSource<TResult>.GetResult(Int16 token)
   at System.Net.Http.HttpConnection.SendAsync(HttpRequestMessage request, Boolean async, CancellationToken cancellationToken)
   --- End of inner exception stack trace ---
   at System.Net.Http.HttpConnection.SendAsync(HttpRequestMessage request, Boolean async, CancellationToken cancellationToken)
   at System.Net.Http.AuthenticationHelper.SendWithNtAuthAsync(HttpRequestMessage request, Uri authUri, Boolean async, ICredentials credentials, Boolean isProxyAuth, HttpConnection connection, HttpConnectionPool connectionPool, CancellationToken cancellationToken)
   at System.Net.Http.HttpConnectionPool.SendWithVersionDetectionAndRetryAsync(HttpRequestMessage request, Boolean async, Boolean doRequestAuth, CancellationToken cancellationToken)
   at System.Net.Http.AuthenticationHelper.SendWithAuthAsync(HttpRequestMessage request, Uri authUri, Boolean async, ICredentials credentials, Boolean preAuthenticate, Boolean isProxyAuth, Boolean doRequestAuth, HttpConnectionPool pool, CancellationToken cancellationToken)
   at System.Net.Http.RedirectHandler.SendAsync(HttpRequestMessage request, Boolean async, CancellationToken cancellationToken)
   at GitHub.Services.Common.RawHttpMessageHandler.SendAsync(HttpRequestMessage request, CancellationToken cancellationToken)
   at GitHub.Services.Common.VssHttpRetryMessageHandler.SendAsync(HttpRequestMessage request, CancellationToken cancellationToken)
   at System.Net.Http.HttpClient.<SendAsync>g__Core|83_0(HttpRequestMessage request, HttpCompletionOption completionOption, CancellationTokenSource cts, Boolean disposeCts, CancellationTokenSource pendingRequestsCts, CancellationToken originalCancellationToken)
[2026-04-13 02:27:58Z ERR  BrokerServer] #####################################################
[2026-04-13 02:27:58Z ERR  BrokerServer] System.IO.IOException: Unable to read data from the transport connection: 스레드 종료 또는 응용 프로그램 요청 때문에 I/O 작업이 취소되었습니다..
 ---> System.Net.Sockets.SocketException (995): 스레드 종료 또는 응용 프로그램 요청 때문에 I/O 작업이 취소되었습니다.
   --- End of inner exception stack trace ---
   at System.Net.Sockets.Socket.AwaitableSocketAsyncEventArgs.ThrowException(SocketError error, CancellationToken cancellationToken)
   at System.Net.Sockets.Socket.AwaitableSocketAsyncEventArgs.System.Threading.Tasks.Sources.IValueTaskSource<System.Int32>.GetResult(Int16 token)
   at System.Net.Security.SslStream.EnsureFullTlsFrameAsync[TIOAdapter](CancellationToken cancellationToken, Int32 estimatedSize)
   at System.Runtime.CompilerServices.PoolingAsyncValueTaskMethodBuilder`1.StateMachineBox`1.System.Threading.Tasks.Sources.IValueTaskSource<TResult>.GetResult(Int16 token)
   at System.Net.Security.SslStream.ReadAsyncInternal[TIOAdapter](Memory`1 buffer, CancellationToken cancellationToken)
   at System.Runtime.CompilerServices.PoolingAsyncValueTaskMethodBuilder`1.StateMachineBox`1.System.Threading.Tasks.Sources.IValueTaskSource<TResult>.GetResult(Int16 token)
   at System.Net.Http.HttpConnection.SendAsync(HttpRequestMessage request, Boolean async, CancellationToken cancellationToken)
[2026-04-13 02:27:58Z ERR  BrokerServer] #####################################################
[2026-04-13 02:27:58Z ERR  BrokerServer] System.Net.Sockets.SocketException (995): 스레드 종료 또는 응용 프로그램 요청 때문에 I/O 작업이 취소되었습니다.
[2026-04-13 02:27:58Z WARN BrokerServer] Back off 11.697 seconds before next retry. 4 attempt left.
[2026-04-13 02:27:58Z INFO BrokerMessageListener] Get messages has been cancelled using local token source. Continue to get messages with new status.
[2026-04-13 02:31:26Z INFO Runner] Received RunnerRefreshConfigMessage for 'runner' config file
[2026-04-13 02:31:26Z INFO RunnerConfigUpdater] Verifying runner qualified id: U_kgDOCcPwhA/R_kgDOR8n27A/self-hosted/3
[2026-04-13 02:31:26Z INFO HostContext] Well known directory 'Bin': 'C:\Users\sypark5\TestAgent\actions-runner\bin'
[2026-04-13 02:31:26Z INFO HostContext] Well known directory 'Root': 'C:\Users\sypark5\TestAgent\actions-runner'
[2026-04-13 02:31:26Z INFO HostContext] Well known config file 'Runner': 'C:\Users\sypark5\TestAgent\actions-runner\.runner'
[2026-04-13 02:31:27Z INFO RSAEncryptedFileKeyManager] Loading RSA key parameters from file C:\Users\sypark5\TestAgent\actions-runner\.credentials_rsaparams
[2026-04-13 02:31:27Z INFO RSAEncryptedFileKeyManager] Loading RSA key parameters from file C:\Users\sypark5\TestAgent\actions-runner\.credentials_rsaparams
[2026-04-13 02:31:28Z INFO GitHubActionsService] AAD Correlation ID for this token request: Unknown
[2026-04-13 02:31:28Z INFO ConfigurationStore] Saving runner migrated settings
[2026-04-13 02:31:28Z INFO ConfigurationStore] Migrated Settings Saved.
[2026-04-13 02:31:28Z INFO Runner] Runner configuration was updated. Session restart has been scheduled
[2026-04-13 02:31:28Z INFO Runner] Pending session restart detected and job dispatcher is not busy. Restarting session now.
[2026-04-13 02:31:28Z INFO JobDispatcher] Shutting down JobDispatcher. Make sure all WorkerDispatcher has finished.
[2026-04-13 02:31:28Z INFO JobDispatcher] Ensure WorkerDispatcher for job cb8f9e4f-fa04-5dff-a2bc-ab5f5247efb7 run to finish, cancel any running job.
[2026-04-13 02:31:28Z INFO JobDispatcher] Job request cb8f9e4f-fa04-5dff-a2bc-ab5f5247efb7 processed succeed.
[2026-04-13 02:31:28Z INFO Runner] Deleting Runner Session...
[2026-04-13 02:31:28Z INFO Runner] Restarting runner session after config update...
[2026-04-13 02:31:28Z INFO Runner] Runner configuration was refreshed, restarting session...
[2026-04-13 02:31:28Z INFO ConfigurationManager] LoadSettings
[2026-04-13 02:31:28Z INFO ConfigurationStore] IsConfigured()
[2026-04-13 02:31:28Z INFO ConfigurationStore] IsConfigured: True
[2026-04-13 02:31:28Z INFO ConfigurationManager] Is configured: True
[2026-04-13 02:31:28Z INFO ConfigurationManager] Settings Loaded
[2026-04-13 02:31:28Z INFO Runner] RunAsync
[2026-04-13 02:31:28Z INFO HostContext] Well known directory 'Bin': 'C:\Users\sypark5\TestAgent\actions-runner\bin'
[2026-04-13 02:31:28Z INFO HostContext] Well known directory 'Root': 'C:\Users\sypark5\TestAgent\actions-runner'
[2026-04-13 02:31:28Z INFO HostContext] Well known directory 'Work': 'C:\Users\sypark5\TestAgent\actions-runner\_work'
[2026-04-13 02:31:28Z INFO Runner] Validating directory permissions for: 'C:\Users\sypark5\TestAgent\actions-runner\_work'
[2026-04-13 02:31:28Z INFO ConfigurationManager] LoadMigratedSettings
[2026-04-13 02:31:28Z INFO ConfigurationStore] IsMigratedConfigured()
[2026-04-13 02:31:28Z INFO ConfigurationStore] IsMigratedConfigured: True
[2026-04-13 02:31:28Z INFO ConfigurationStore] Read migrated setting file: 395 chars
[2026-04-13 02:31:28Z INFO ConfigurationManager] Migrated Settings Loaded
[2026-04-13 02:31:28Z INFO Runner] Loaded migrated settings from .runner_migrated file
[2026-04-13 02:31:28Z INFO Runner] {
  "AgentId": 3,
  "AgentName": "SYPARK5_DT01",
  "PoolId": 1,
  "PoolName": "Default",
  "ServerUrl": "https://pipelinesghubeus21.actions.githubusercontent.com/lI8n5nDzUfbmpWjBO3LE26zf2zbvPC72YRoR4mQIS0Xjs5Rnvh/",
  "GitHubUrl": "https://github.com/soyeon911/Test_Auto",
  "WorkFolder": "_work",
  "UseV2Flow": true,
  "ServerUrlV2": "https://broker.actions.githubusercontent.com/"
}
[2026-04-13 02:31:28Z INFO Runner] Attempting to create session using migrated settings
[2026-04-13 02:31:28Z INFO Runner] Using BrokerMessageListener
[2026-04-13 02:31:28Z INFO BrokerMessageListener] Using provided settings
[2026-04-13 02:31:28Z INFO BrokerMessageListener] Using migrated settings from .runner_migrated
[2026-04-13 02:31:28Z INFO BrokerMessageListener] {
  "AgentId": 3,
  "AgentName": "SYPARK5_DT01",
  "PoolId": 1,
  "PoolName": "Default",
  "ServerUrl": "https://pipelinesghubeus21.actions.githubusercontent.com/lI8n5nDzUfbmpWjBO3LE26zf2zbvPC72YRoR4mQIS0Xjs5Rnvh/",
  "GitHubUrl": "https://github.com/soyeon911/Test_Auto",
  "WorkFolder": "_work",
  "UseV2Flow": true,
  "ServerUrlV2": "https://broker.actions.githubusercontent.com/"
}
[2026-04-13 02:31:28Z INFO BrokerMessageListener] Loading Credentials
[2026-04-13 02:31:28Z INFO ConfigurationStore] HasCredentials()
[2026-04-13 02:31:28Z INFO ConfigurationStore] stored True
[2026-04-13 02:31:28Z INFO CredentialManager] GetCredentialProvider
[2026-04-13 02:31:28Z INFO CredentialManager] Creating type OAuth
[2026-04-13 02:31:28Z INFO CredentialManager] Creating credential type: OAuth
[2026-04-13 02:31:28Z INFO RSAEncryptedFileKeyManager] Loading RSA key parameters from file C:\Users\sypark5\TestAgent\actions-runner\.credentials_rsaparams
[2026-04-13 02:31:28Z INFO BrokerMessageListener] Attempt to create session.
[2026-04-13 02:31:28Z INFO BrokerMessageListener] Connecting to the Broker Server...
[2026-04-13 02:31:28Z INFO ConfigurationStore] HasCredentials()
[2026-04-13 02:31:28Z INFO ConfigurationStore] stored True
[2026-04-13 02:31:28Z INFO CredentialManager] GetCredentialProvider
[2026-04-13 02:31:28Z INFO CredentialManager] Creating type OAuth
[2026-04-13 02:31:28Z INFO CredentialManager] Creating credential type: OAuth
[2026-04-13 02:31:28Z INFO RSAEncryptedFileKeyManager] Loading RSA key parameters from file C:\Users\sypark5\TestAgent\actions-runner\.credentials_rsaparams
[2026-04-13 02:31:28Z INFO BrokerMessageListener] VssConnection created
[2026-04-13 02:31:28Z INFO BrokerMessageListener] Connecting to the Runner server...
[2026-04-13 02:31:28Z INFO RunnerServer] EstablishVssConnection
[2026-04-13 02:31:28Z INFO RunnerServer] Establish connection with 100 seconds timeout.
[2026-04-13 02:31:28Z INFO GitHubActionsService] Starting operation Location.GetConnectionData
[2026-04-13 02:31:28Z INFO RunnerServer] EstablishVssConnection
[2026-04-13 02:31:28Z INFO RunnerServer] Establish connection with 60 seconds timeout.
[2026-04-13 02:31:28Z INFO GitHubActionsService] Starting operation Location.GetConnectionData
[2026-04-13 02:31:28Z INFO RunnerServer] EstablishVssConnection
[2026-04-13 02:31:28Z INFO RunnerServer] Establish connection with 60 seconds timeout.
[2026-04-13 02:31:28Z INFO GitHubActionsService] Starting operation Location.GetConnectionData
[2026-04-13 02:31:29Z INFO GitHubActionsService] Finished operation Location.GetConnectionData
[2026-04-13 02:31:29Z INFO GitHubActionsService] Finished operation Location.GetConnectionData
[2026-04-13 02:31:29Z INFO GitHubActionsService] Finished operation Location.GetConnectionData
[2026-04-13 02:31:29Z INFO BrokerMessageListener] VssConnection created
[2026-04-13 02:31:29Z INFO Terminal] WRITE LINE: 
[2026-04-13 02:31:29Z INFO Terminal] WRITE LINE: 
[2026-04-13 02:31:29Z INFO RSAEncryptedFileKeyManager] Loading RSA key parameters from file C:\Users\sypark5\TestAgent\actions-runner\.credentials_rsaparams
[2026-04-13 02:31:29Z INFO RSAEncryptedFileKeyManager] Loading RSA key parameters from file C:\Users\sypark5\TestAgent\actions-runner\.credentials_rsaparams
[2026-04-13 02:31:30Z INFO GitHubActionsService] AAD Correlation ID for this token request: Unknown
[2026-04-13 02:31:31Z INFO BrokerMessageListener] Session created.
[2026-04-13 02:31:31Z INFO Runner] Successfully created session with migrated settings
[2026-04-13 02:31:31Z INFO Terminal] WRITE LINE: Current runner version: '2.333.1'
[2026-04-13 02:31:31Z INFO Terminal] WRITE LINE: 2026-04-13 02:31:31Z: Listening for Jobs
[2026-04-13 02:31:31Z INFO JobDispatcher] Set runner/worker IPC timeout to 30 seconds.
[2026-04-13 03:08:07Z WARN GitHubActionsService] GET request to https://broker.actions.githubusercontent.com/message?sessionId=4ae5611a-84ff-48b7-adb9-bf030e5b3f9e&status=Online&runnerVersion=2.333.1&os=Windows&architecture=X64&disableUpdate=false timed out after 100 seconds.
[2026-04-13 03:08:07Z ERR  BrokerServer] Catch exception during request
[2026-04-13 03:08:07Z ERR  BrokerServer] System.TimeoutException: The HTTP request timed out after 00:01:40.
 ---> System.Threading.Tasks.TaskCanceledException: The operation was canceled.
 ---> System.IO.IOException: Unable to read data from the transport connection: 스레드 종료 또는 응용 프로그램 요청 때문에 I/O 작업이 취소되었습니다..
 ---> System.Net.Sockets.SocketException (995): 스레드 종료 또는 응용 프로그램 요청 때문에 I/O 작업이 취소되었습니다.
   --- End of inner exception stack trace ---
   at System.Net.Sockets.Socket.AwaitableSocketAsyncEventArgs.System.Threading.Tasks.Sources.IValueTaskSource<System.Int32>.GetResult(Int16 token)
   at System.Net.Security.SslStream.EnsureFullTlsFrameAsync[TIOAdapter](CancellationToken cancellationToken, Int32 estimatedSize)
   at System.Runtime.CompilerServices.PoolingAsyncValueTaskMethodBuilder`1.StateMachineBox`1.System.Threading.Tasks.Sources.IValueTaskSource<TResult>.GetResult(Int16 token)
   at System.Net.Security.SslStream.ReadAsyncInternal[TIOAdapter](Memory`1 buffer, CancellationToken cancellationToken)
   at System.Runtime.CompilerServices.PoolingAsyncValueTaskMethodBuilder`1.StateMachineBox`1.System.Threading.Tasks.Sources.IValueTaskSource<TResult>.GetResult(Int16 token)
   at System.Net.Http.HttpConnection.SendAsync(HttpRequestMessage request, Boolean async, CancellationToken cancellationToken)
   --- End of inner exception stack trace ---
   at System.Net.Http.HttpConnection.SendAsync(HttpRequestMessage request, Boolean async, CancellationToken cancellationToken)
   at System.Net.Http.AuthenticationHelper.SendWithNtAuthAsync(HttpRequestMessage request, Uri authUri, Boolean async, ICredentials credentials, Boolean isProxyAuth, HttpConnection connection, HttpConnectionPool connectionPool, CancellationToken cancellationToken)
   at System.Net.Http.HttpConnectionPool.SendWithVersionDetectionAndRetryAsync(HttpRequestMessage request, Boolean async, Boolean doRequestAuth, CancellationToken cancellationToken)
   at System.Net.Http.AuthenticationHelper.SendWithAuthAsync(HttpRequestMessage request, Uri authUri, Boolean async, ICredentials credentials, Boolean preAuthenticate, Boolean isProxyAuth, Boolean doRequestAuth, HttpConnectionPool pool, CancellationToken cancellationToken)
   at System.Net.Http.RedirectHandler.SendAsync(HttpRequestMessage request, Boolean async, CancellationToken cancellationToken)
   at GitHub.Services.Common.RawHttpMessageHandler.SendAsync(HttpRequestMessage request, CancellationToken cancellationToken)
   --- End of inner exception stack trace ---
   at GitHub.Services.Common.RawHttpMessageHandler.SendAsync(HttpRequestMessage request, CancellationToken cancellationToken)
   at GitHub.Services.Common.VssHttpRetryMessageHandler.SendAsync(HttpRequestMessage request, CancellationToken cancellationToken)
   at System.Net.Http.HttpClient.<SendAsync>g__Core|83_0(HttpRequestMessage request, HttpCompletionOption completionOption, CancellationTokenSource cts, Boolean disposeCts, CancellationTokenSource pendingRequestsCts, CancellationToken originalCancellationToken)
   at Sdk.WebApi.WebApi.RawHttpClientBase.SendAsync(HttpRequestMessage message, HttpCompletionOption completionOption, Object userState, CancellationToken cancellationToken)
   at Sdk.WebApi.WebApi.RawHttpClientBase.SendAsync[T](HttpRequestMessage message, Boolean readErrorBody, Object userState, CancellationToken cancellationToken)
   at Sdk.WebApi.WebApi.RawHttpClientBase.SendAsync[T](HttpMethod method, IEnumerable`1 additionalHeaders, Uri requestUri, HttpContent content, IEnumerable`1 queryParameters, Boolean readErrorBody, Object userState, CancellationToken cancellationToken)
   at GitHub.Actions.RunService.WebApi.BrokerHttpClient.GetRunnerMessageAsync(Nullable`1 sessionId, String runnerVersion, Nullable`1 status, String os, String architecture, Nullable`1 disableUpdate, CancellationToken cancellationToken)
   at GitHub.Runner.Common.BrokerServer.<>c__DisplayClass7_0.<<GetRunnerMessageAsync>b__0>d.MoveNext()
--- End of stack trace from previous location ---
   at GitHub.Runner.Common.RunnerService.RetryRequest[T](Func`1 func, CancellationToken cancellationToken, Int32 maxAttempts, Func`2 shouldRetry)
[2026-04-13 03:08:07Z ERR  BrokerServer] #####################################################
[2026-04-13 03:08:07Z ERR  BrokerServer] System.Threading.Tasks.TaskCanceledException: The operation was canceled.
 ---> System.IO.IOException: Unable to read data from the transport connection: 스레드 종료 또는 응용 프로그램 요청 때문에 I/O 작업이 취소되었습니다..
 ---> System.Net.Sockets.SocketException (995): 스레드 종료 또는 응용 프로그램 요청 때문에 I/O 작업이 취소되었습니다.
   --- End of inner exception stack trace ---
   at System.Net.Sockets.Socket.AwaitableSocketAsyncEventArgs.System.Threading.Tasks.Sources.IValueTaskSource<System.Int32>.GetResult(Int16 token)
   at System.Net.Security.SslStream.EnsureFullTlsFrameAsync[TIOAdapter](CancellationToken cancellationToken, Int32 estimatedSize)
   at System.Runtime.CompilerServices.PoolingAsyncValueTaskMethodBuilder`1.StateMachineBox`1.System.Threading.Tasks.Sources.IValueTaskSource<TResult>.GetResult(Int16 token)
   at System.Net.Security.SslStream.ReadAsyncInternal[TIOAdapter](Memory`1 buffer, CancellationToken cancellationToken)
   at System.Runtime.CompilerServices.PoolingAsyncValueTaskMethodBuilder`1.StateMachineBox`1.System.Threading.Tasks.Sources.IValueTaskSource<TResult>.GetResult(Int16 token)
   at System.Net.Http.HttpConnection.SendAsync(HttpRequestMessage request, Boolean async, CancellationToken cancellationToken)
   --- End of inner exception stack trace ---
   at System.Net.Http.HttpConnection.SendAsync(HttpRequestMessage request, Boolean async, CancellationToken cancellationToken)
   at System.Net.Http.AuthenticationHelper.SendWithNtAuthAsync(HttpRequestMessage request, Uri authUri, Boolean async, ICredentials credentials, Boolean isProxyAuth, HttpConnection connection, HttpConnectionPool connectionPool, CancellationToken cancellationToken)
   at System.Net.Http.HttpConnectionPool.SendWithVersionDetectionAndRetryAsync(HttpRequestMessage request, Boolean async, Boolean doRequestAuth, CancellationToken cancellationToken)
   at System.Net.Http.AuthenticationHelper.SendWithAuthAsync(HttpRequestMessage request, Uri authUri, Boolean async, ICredentials credentials, Boolean preAuthenticate, Boolean isProxyAuth, Boolean doRequestAuth, HttpConnectionPool pool, CancellationToken cancellationToken)
   at System.Net.Http.RedirectHandler.SendAsync(HttpRequestMessage request, Boolean async, CancellationToken cancellationToken)
   at GitHub.Services.Common.RawHttpMessageHandler.SendAsync(HttpRequestMessage request, CancellationToken cancellationToken)
[2026-04-13 03:08:07Z ERR  BrokerServer] #####################################################
[2026-04-13 03:08:07Z ERR  BrokerServer] System.IO.IOException: Unable to read data from the transport connection: 스레드 종료 또는 응용 프로그램 요청 때문에 I/O 작업이 취소되었습니다..
 ---> System.Net.Sockets.SocketException (995): 스레드 종료 또는 응용 프로그램 요청 때문에 I/O 작업이 취소되었습니다.
   --- End of inner exception stack trace ---
   at System.Net.Sockets.Socket.AwaitableSocketAsyncEventArgs.System.Threading.Tasks.Sources.IValueTaskSource<System.Int32>.GetResult(Int16 token)
   at System.Net.Security.SslStream.EnsureFullTlsFrameAsync[TIOAdapter](CancellationToken cancellationToken, Int32 estimatedSize)
   at System.Runtime.CompilerServices.PoolingAsyncValueTaskMethodBuilder`1.StateMachineBox`1.System.Threading.Tasks.Sources.IValueTaskSource<TResult>.GetResult(Int16 token)
   at System.Net.Security.SslStream.ReadAsyncInternal[TIOAdapter](Memory`1 buffer, CancellationToken cancellationToken)
   at System.Runtime.CompilerServices.PoolingAsyncValueTaskMethodBuilder`1.StateMachineBox`1.System.Threading.Tasks.Sources.IValueTaskSource<TResult>.GetResult(Int16 token)
   at System.Net.Http.HttpConnection.SendAsync(HttpRequestMessage request, Boolean async, CancellationToken cancellationToken)
[2026-04-13 03:08:07Z ERR  BrokerServer] #####################################################
[2026-04-13 03:08:07Z ERR  BrokerServer] System.Net.Sockets.SocketException (995): 스레드 종료 또는 응용 프로그램 요청 때문에 I/O 작업이 취소되었습니다.
[2026-04-13 03:08:07Z WARN BrokerServer] Back off 12.64 seconds before next retry. 4 attempt left.
[2026-04-13 03:21:45Z INFO RSAEncryptedFileKeyManager] Loading RSA key parameters from file C:\Users\sypark5\TestAgent\actions-runner\.credentials_rsaparams
[2026-04-13 03:21:46Z INFO GitHubActionsService] AAD Correlation ID for this token request: Unknown
