[2026-04-13 06:15:52Z INFO HostContext] No proxy settings were found based on environmental variables (http_proxy/https_proxy/HTTP_PROXY/HTTPS_PROXY)
[2026-04-13 06:15:52Z INFO HostContext] Well known directory 'Bin': 'C:\Users\sypark5\TestAgent\actions-runner\bin'
[2026-04-13 06:15:52Z INFO HostContext] Well known directory 'Root': 'C:\Users\sypark5\TestAgent\actions-runner'
[2026-04-13 06:15:52Z INFO HostContext] Well known config file 'Credentials': 'C:\Users\sypark5\TestAgent\actions-runner\.credentials'
[2026-04-13 06:15:52Z INFO HostContext] Well known directory 'Bin': 'C:\Users\sypark5\TestAgent\actions-runner\bin'
[2026-04-13 06:15:52Z INFO HostContext] Well known directory 'Root': 'C:\Users\sypark5\TestAgent\actions-runner'
[2026-04-13 06:15:52Z INFO HostContext] Well known config file 'Runner': 'C:\Users\sypark5\TestAgent\actions-runner\.runner'
[2026-04-13 06:15:52Z INFO Listener] Runner is built for Windows (X64) - win-x64.
[2026-04-13 06:15:52Z INFO Listener] RuntimeInformation: Microsoft Windows 10.0.26200.
[2026-04-13 06:15:52Z INFO Listener] Version: 2.333.1
[2026-04-13 06:15:52Z INFO Listener] Commit: 6792966801e8925346735b68c03bf9f347af4646
[2026-04-13 06:15:52Z INFO Listener] Culture: ko-KR
[2026-04-13 06:15:52Z INFO Listener] UI Culture: ko-KR
[2026-04-13 06:15:52Z INFO HostContext] Well known directory 'Bin': 'C:\Users\sypark5\TestAgent\actions-runner\bin'
[2026-04-13 06:15:52Z INFO HostContext] Well known directory 'Root': 'C:\Users\sypark5\TestAgent\actions-runner'
[2026-04-13 06:15:52Z INFO Listener] Validating directory permissions for: 'C:\Users\sypark5\TestAgent\actions-runner'
[2026-04-13 06:15:52Z INFO CommandLineParser] Parse
[2026-04-13 06:15:52Z INFO CommandLineParser] Parsing 1 args
[2026-04-13 06:15:52Z INFO CommandLineParser] parsing argument
[2026-04-13 06:15:52Z INFO CommandLineParser] HasArgs: False
[2026-04-13 06:15:52Z INFO CommandLineParser] Adding Command: run
[2026-04-13 06:15:52Z INFO Listener] Arguments parsed
[2026-04-13 06:15:52Z INFO Runner] ExecuteCommand
[2026-04-13 06:15:52Z INFO ConfigurationStore] currentAssemblyLocation: C:\Users\sypark5\TestAgent\actions-runner\bin\Runner.Listener.dll
[2026-04-13 06:15:52Z INFO HostContext] Well known directory 'Bin': 'C:\Users\sypark5\TestAgent\actions-runner\bin'
[2026-04-13 06:15:52Z INFO ConfigurationStore] binPath: C:\Users\sypark5\TestAgent\actions-runner\bin
[2026-04-13 06:15:52Z INFO HostContext] Well known directory 'Bin': 'C:\Users\sypark5\TestAgent\actions-runner\bin'
[2026-04-13 06:15:52Z INFO HostContext] Well known directory 'Root': 'C:\Users\sypark5\TestAgent\actions-runner'
[2026-04-13 06:15:52Z INFO ConfigurationStore] RootFolder: C:\Users\sypark5\TestAgent\actions-runner
[2026-04-13 06:15:52Z INFO HostContext] Well known directory 'Bin': 'C:\Users\sypark5\TestAgent\actions-runner\bin'
[2026-04-13 06:15:52Z INFO HostContext] Well known directory 'Root': 'C:\Users\sypark5\TestAgent\actions-runner'
[2026-04-13 06:15:52Z INFO HostContext] Well known config file 'Runner': 'C:\Users\sypark5\TestAgent\actions-runner\.runner'
[2026-04-13 06:15:52Z INFO ConfigurationStore] ConfigFilePath: C:\Users\sypark5\TestAgent\actions-runner\.runner
[2026-04-13 06:15:52Z INFO HostContext] Well known directory 'Bin': 'C:\Users\sypark5\TestAgent\actions-runner\bin'
[2026-04-13 06:15:52Z INFO HostContext] Well known directory 'Root': 'C:\Users\sypark5\TestAgent\actions-runner'
[2026-04-13 06:15:52Z INFO HostContext] Well known config file 'MigratedRunner': 'C:\Users\sypark5\TestAgent\actions-runner\.runner_migrated'
[2026-04-13 06:15:52Z INFO ConfigurationStore] MigratedConfigFilePath: C:\Users\sypark5\TestAgent\actions-runner\.runner_migrated
[2026-04-13 06:15:52Z INFO HostContext] Well known directory 'Bin': 'C:\Users\sypark5\TestAgent\actions-runner\bin'
[2026-04-13 06:15:52Z INFO HostContext] Well known directory 'Root': 'C:\Users\sypark5\TestAgent\actions-runner'
[2026-04-13 06:15:52Z INFO HostContext] Well known config file 'Credentials': 'C:\Users\sypark5\TestAgent\actions-runner\.credentials'
[2026-04-13 06:15:52Z INFO ConfigurationStore] CredFilePath: C:\Users\sypark5\TestAgent\actions-runner\.credentials
[2026-04-13 06:15:52Z INFO HostContext] Well known directory 'Bin': 'C:\Users\sypark5\TestAgent\actions-runner\bin'
[2026-04-13 06:15:52Z INFO HostContext] Well known directory 'Root': 'C:\Users\sypark5\TestAgent\actions-runner'
[2026-04-13 06:15:52Z INFO HostContext] Well known config file 'MigratedCredentials': 'C:\Users\sypark5\TestAgent\actions-runner\.credentials_migrated'
[2026-04-13 06:15:52Z INFO ConfigurationStore] MigratedCredFilePath: C:\Users\sypark5\TestAgent\actions-runner\.credentials_migrated
[2026-04-13 06:15:52Z INFO HostContext] Well known directory 'Bin': 'C:\Users\sypark5\TestAgent\actions-runner\bin'
[2026-04-13 06:15:52Z INFO HostContext] Well known directory 'Root': 'C:\Users\sypark5\TestAgent\actions-runner'
[2026-04-13 06:15:52Z INFO HostContext] Well known config file 'Service': 'C:\Users\sypark5\TestAgent\actions-runner\.service'
[2026-04-13 06:15:52Z INFO ConfigurationStore] ServiceConfigFilePath: C:\Users\sypark5\TestAgent\actions-runner\.service
[2026-04-13 06:15:52Z INFO CommandSettings] Flag 'help': 'False'
[2026-04-13 06:15:52Z INFO CommandSettings] Flag 'version': 'False'
[2026-04-13 06:15:52Z INFO CommandSettings] Flag 'commit': 'False'
[2026-04-13 06:15:52Z INFO CommandSettings] Flag 'check': 'False'
[2026-04-13 06:15:52Z INFO CommandSettings] Command 'configure': 'False'
[2026-04-13 06:15:52Z INFO CommandSettings] Command 'remove': 'False'
[2026-04-13 06:15:52Z INFO CommandSettings] Command 'warmup': 'False'
[2026-04-13 06:15:52Z INFO ConfigurationManager] LoadSettings
[2026-04-13 06:15:52Z INFO ConfigurationStore] IsConfigured()
[2026-04-13 06:15:52Z INFO ConfigurationStore] IsConfigured: True
[2026-04-13 06:15:52Z INFO ConfigurationManager] Is configured: True
[2026-04-13 06:15:52Z INFO ConfigurationStore] Read setting file: 395 chars
[2026-04-13 06:15:52Z INFO ConfigurationManager] Settings Loaded
[2026-04-13 06:15:52Z INFO ConfigurationStore] IsServiceConfigured()
[2026-04-13 06:15:52Z INFO ConfigurationStore] IsServiceConfigured: False
[2026-04-13 06:15:52Z INFO CommandSettings] Command 'run': 'True'
[2026-04-13 06:15:52Z INFO ConfigurationStore] IsConfigured()
[2026-04-13 06:15:52Z INFO ConfigurationStore] IsConfigured: True
[2026-04-13 06:15:52Z INFO ConfigurationManager] Is configured: True
[2026-04-13 06:15:52Z INFO Runner] Could not parse the argument value '' for StartupType. Defaulting to Manual
[2026-04-13 06:15:52Z INFO Runner] Set runner startup type - Manual
[2026-04-13 06:15:52Z INFO CommandSettings] Flag 'once': 'False'
[2026-04-13 06:15:52Z INFO CommandSettings] Flag 'once': 'False'
[2026-04-13 06:15:52Z INFO Runner] RunAsync
[2026-04-13 06:15:52Z INFO HostContext] Well known directory 'Bin': 'C:\Users\sypark5\TestAgent\actions-runner\bin'
[2026-04-13 06:15:52Z INFO HostContext] Well known directory 'Root': 'C:\Users\sypark5\TestAgent\actions-runner'
[2026-04-13 06:15:52Z INFO HostContext] Well known directory 'Work': 'C:\Users\sypark5\TestAgent\actions-runner\_work'
[2026-04-13 06:15:52Z INFO Runner] Validating directory permissions for: 'C:\Users\sypark5\TestAgent\actions-runner\_work'
[2026-04-13 06:15:52Z INFO ConfigurationManager] LoadMigratedSettings
[2026-04-13 06:15:52Z INFO ConfigurationStore] IsMigratedConfigured()
[2026-04-13 06:15:52Z INFO ConfigurationStore] IsMigratedConfigured: True
[2026-04-13 06:15:52Z INFO ConfigurationStore] Read migrated setting file: 395 chars
[2026-04-13 06:15:52Z INFO ConfigurationManager] Migrated Settings Loaded
[2026-04-13 06:15:52Z INFO Runner] Loaded migrated settings from .runner_migrated file
[2026-04-13 06:15:52Z INFO Runner] {
  "AgentId": 3,
  "AgentName": "SYPARK5_DT01",
  "PoolId": 1,
  "PoolName": "Default",
  "ServerUrl": "https://pipelinesghubeus21.actions.githubusercontent.com/lI8n5nDzUfbmpWjBO3LE26zf2zbvPC72YRoR4mQIS0Xjs5Rnvh/",
  "GitHubUrl": "https://github.com/soyeon911/Test_Auto",
  "WorkFolder": "_work",
  "UseV2Flow": true,
  "ServerUrlV2": "https://broker.actions.githubusercontent.com/"
}
[2026-04-13 06:15:52Z INFO Runner] Attempting to create session using migrated settings
[2026-04-13 06:15:52Z INFO Runner] Using BrokerMessageListener
[2026-04-13 06:15:52Z INFO BrokerMessageListener] Using provided settings
[2026-04-13 06:15:52Z INFO BrokerMessageListener] Using migrated settings from .runner_migrated
[2026-04-13 06:15:52Z INFO BrokerMessageListener] {
  "AgentId": 3,
  "AgentName": "SYPARK5_DT01",
  "PoolId": 1,
  "PoolName": "Default",
  "ServerUrl": "https://pipelinesghubeus21.actions.githubusercontent.com/lI8n5nDzUfbmpWjBO3LE26zf2zbvPC72YRoR4mQIS0Xjs5Rnvh/",
  "GitHubUrl": "https://github.com/soyeon911/Test_Auto",
  "WorkFolder": "_work",
  "UseV2Flow": true,
  "ServerUrlV2": "https://broker.actions.githubusercontent.com/"
}
[2026-04-13 06:15:52Z INFO BrokerMessageListener] Loading Credentials
[2026-04-13 06:15:52Z INFO ConfigurationStore] HasCredentials()
[2026-04-13 06:15:52Z INFO ConfigurationStore] stored True
[2026-04-13 06:15:52Z INFO CredentialManager] GetCredentialProvider
[2026-04-13 06:15:52Z INFO CredentialManager] Creating type OAuth
[2026-04-13 06:15:52Z INFO CredentialManager] Creating credential type: OAuth
[2026-04-13 06:15:52Z INFO HostContext] Well known directory 'Bin': 'C:\Users\sypark5\TestAgent\actions-runner\bin'
[2026-04-13 06:15:52Z INFO HostContext] Well known directory 'Root': 'C:\Users\sypark5\TestAgent\actions-runner'
[2026-04-13 06:15:52Z INFO HostContext] Well known config file 'RSACredentials': 'C:\Users\sypark5\TestAgent\actions-runner\.credentials_rsaparams'
[2026-04-13 06:15:52Z INFO RSAEncryptedFileKeyManager] Loading RSA key parameters from file C:\Users\sypark5\TestAgent\actions-runner\.credentials_rsaparams
[2026-04-13 06:15:52Z INFO BrokerMessageListener] Attempt to create session.
[2026-04-13 06:15:52Z INFO BrokerMessageListener] Connecting to the Broker Server...
[2026-04-13 06:15:52Z INFO ConfigurationStore] HasCredentials()
[2026-04-13 06:15:52Z INFO ConfigurationStore] stored True
[2026-04-13 06:15:52Z INFO CredentialManager] GetCredentialProvider
[2026-04-13 06:15:52Z INFO CredentialManager] Creating type OAuth
[2026-04-13 06:15:52Z INFO CredentialManager] Creating credential type: OAuth
[2026-04-13 06:15:52Z INFO RSAEncryptedFileKeyManager] Loading RSA key parameters from file C:\Users\sypark5\TestAgent\actions-runner\.credentials_rsaparams
[2026-04-13 06:15:52Z INFO BrokerMessageListener] VssConnection created
[2026-04-13 06:15:52Z INFO BrokerMessageListener] Connecting to the Runner server...
[2026-04-13 06:15:52Z INFO RunnerServer] EstablishVssConnection
[2026-04-13 06:15:52Z INFO RunnerServer] Establish connection with 100 seconds timeout.
[2026-04-13 06:15:52Z INFO GitHubActionsService] Starting operation Location.GetConnectionData
[2026-04-13 06:15:52Z INFO RunnerServer] EstablishVssConnection
[2026-04-13 06:15:52Z INFO RunnerServer] Establish connection with 60 seconds timeout.
[2026-04-13 06:15:52Z INFO GitHubActionsService] Starting operation Location.GetConnectionData
[2026-04-13 06:15:52Z INFO RunnerServer] EstablishVssConnection
[2026-04-13 06:15:52Z INFO RunnerServer] Establish connection with 60 seconds timeout.
[2026-04-13 06:15:52Z INFO GitHubActionsService] Starting operation Location.GetConnectionData
[2026-04-13 06:15:53Z INFO GitHubActionsService] Finished operation Location.GetConnectionData
[2026-04-13 06:15:53Z INFO GitHubActionsService] Finished operation Location.GetConnectionData
[2026-04-13 06:15:53Z INFO GitHubActionsService] Finished operation Location.GetConnectionData
[2026-04-13 06:15:54Z INFO BrokerMessageListener] VssConnection created
[2026-04-13 06:15:54Z INFO Terminal] WRITE LINE: 
[2026-04-13 06:15:54Z INFO Terminal] WRITE LINE: 
[2026-04-13 06:15:54Z INFO RSAEncryptedFileKeyManager] Loading RSA key parameters from file C:\Users\sypark5\TestAgent\actions-runner\.credentials_rsaparams
[2026-04-13 06:15:54Z INFO RSAEncryptedFileKeyManager] Loading RSA key parameters from file C:\Users\sypark5\TestAgent\actions-runner\.credentials_rsaparams
[2026-04-13 06:15:55Z INFO GitHubActionsService] AAD Correlation ID for this token request: Unknown
[2026-04-13 06:15:55Z INFO BrokerMessageListener] Session created.
[2026-04-13 06:15:55Z INFO Runner] Successfully created session with migrated settings
[2026-04-13 06:15:55Z INFO Terminal] WRITE LINE: Current runner version: '2.333.1'
[2026-04-13 06:15:55Z INFO Terminal] WRITE LINE: 2026-04-13 06:15:55Z: Listening for Jobs
[2026-04-13 06:15:55Z INFO JobDispatcher] Set runner/worker IPC timeout to 30 seconds.
[2026-04-13 06:16:50Z INFO BrokerMessageListener] Acknowledging runner request 'ce41b737-e234-57e6-be15-1dda9a0be7c2'.
[2026-04-13 06:16:51Z INFO ConfigurationStore] HasCredentials()
[2026-04-13 06:16:51Z INFO ConfigurationStore] stored True
[2026-04-13 06:16:51Z INFO CredentialManager] GetCredentialProvider
[2026-04-13 06:16:51Z INFO CredentialManager] Creating type OAuth
[2026-04-13 06:16:51Z INFO CredentialManager] Creating credential type: OAuth
[2026-04-13 06:16:51Z INFO RSAEncryptedFileKeyManager] Loading RSA key parameters from file C:\Users\sypark5\TestAgent\actions-runner\.credentials_rsaparams
[2026-04-13 06:16:51Z INFO RSAEncryptedFileKeyManager] Loading RSA key parameters from file C:\Users\sypark5\TestAgent\actions-runner\.credentials_rsaparams
[2026-04-13 06:16:51Z INFO RSAEncryptedFileKeyManager] Loading RSA key parameters from file C:\Users\sypark5\TestAgent\actions-runner\.credentials_rsaparams
[2026-04-13 06:16:51Z INFO GitHubActionsService] AAD Correlation ID for this token request: Unknown
[2026-04-13 06:16:53Z INFO JobDispatcher] Job request 0 for plan 8c84b818-f3a4-4187-893b-6fea2c8d5539 job ce41b737-e234-57e6-be15-1dda9a0be7c2 received.
[2026-04-13 06:16:53Z INFO JobDispatcher] Pull OrchestrationId 8c84b818-f3a4-4187-893b-6fea2c8d5539.detect-changes.__default from JWT claims
[2026-04-13 06:16:53Z INFO BrokerMessageListener] Received job status event. JobState: Busy
[2026-04-13 06:16:53Z INFO BrokerMessageListener] _getMessagesTokenSource is already disposed.
[2026-04-13 06:16:53Z INFO Terminal] WRITE LINE: 2026-04-13 06:16:53Z: Running job: 변경 감지 (Swagger Hash + Server Version)
[2026-04-13 06:16:53Z INFO JobDispatcher] Start renew job request 0 for job ce41b737-e234-57e6-be15-1dda9a0be7c2.
[2026-04-13 06:16:53Z INFO JobDispatcher] Successfully renew job ce41b737-e234-57e6-be15-1dda9a0be7c2, job is valid till 2026-04-13 오전 6:26:53
[2026-04-13 06:16:53Z INFO HostContext] Well known directory 'Bin': 'C:\Users\sypark5\TestAgent\actions-runner\bin'
[2026-04-13 06:16:53Z INFO ProcessInvokerWrapper] Starting process:
[2026-04-13 06:16:53Z INFO ProcessInvokerWrapper]   File name: 'C:\Users\sypark5\TestAgent\actions-runner\bin\Runner.Worker.exe'
[2026-04-13 06:16:53Z INFO ProcessInvokerWrapper]   Arguments: 'spawnclient 1376 2248'
[2026-04-13 06:16:53Z INFO ProcessInvokerWrapper]   Working directory: 'C:\Users\sypark5\TestAgent\actions-runner\bin'
[2026-04-13 06:16:53Z INFO ProcessInvokerWrapper]   Require exit code zero: 'False'
[2026-04-13 06:16:53Z INFO ProcessInvokerWrapper]   Encoding web name:  ; code page: ''
[2026-04-13 06:16:53Z INFO ProcessInvokerWrapper]   Force kill process on cancellation: 'True'
[2026-04-13 06:16:53Z INFO ProcessInvokerWrapper]   Redirected STDIN: 'False'
[2026-04-13 06:16:53Z INFO ProcessInvokerWrapper]   Persist current code page: 'False'
[2026-04-13 06:16:53Z INFO ProcessInvokerWrapper]   Keep redirected STDIN open: 'False'
[2026-04-13 06:16:53Z INFO ProcessInvokerWrapper]   High priority process: 'True'
[2026-04-13 06:16:53Z INFO ProcessInvokerWrapper] Process started with process id 18604, waiting for process exit.
[2026-04-13 06:16:54Z INFO JobDispatcher] Send job request message to worker for job ce41b737-e234-57e6-be15-1dda9a0be7c2.
[2026-04-13 06:16:54Z INFO ProcessChannel] Sending message of length 21912, with hash '107e432eaf8294a946500c3ee2df15dd97e894078e3ed4bd7f35f34494961237'
[2026-04-13 06:16:54Z INFO JobNotification] Entering JobStarted Notification
[2026-04-13 06:16:54Z INFO JobNotification] Entering StartMonitor
[2026-04-13 06:17:22Z INFO ProcessInvokerWrapper] STDOUT/STDERR stream read finished.
[2026-04-13 06:17:22Z INFO ProcessInvokerWrapper] STDOUT/STDERR stream read finished.
[2026-04-13 06:17:22Z INFO ProcessInvokerWrapper] Finished process 18604 with exit code 100, and elapsed time 00:00:28.4748590.
[2026-04-13 06:17:22Z INFO JobDispatcher] Worker finished for job ce41b737-e234-57e6-be15-1dda9a0be7c2. Code: 100
[2026-04-13 06:17:22Z INFO JobDispatcher] finish job request for job ce41b737-e234-57e6-be15-1dda9a0be7c2 with result: Succeeded
[2026-04-13 06:17:22Z INFO Terminal] WRITE LINE: 2026-04-13 06:17:22Z: Job 변경 감지 (Swagger Hash + Server Version) completed with result: Succeeded
[2026-04-13 06:17:22Z INFO JobDispatcher] Stop renew job request for job ce41b737-e234-57e6-be15-1dda9a0be7c2.
[2026-04-13 06:17:22Z INFO JobDispatcher] job renew has been cancelled, stop renew job ce41b737-e234-57e6-be15-1dda9a0be7c2.
[2026-04-13 06:17:22Z INFO JobNotification] Entering JobCompleted Notification
[2026-04-13 06:17:22Z INFO JobNotification] Entering EndMonitor
[2026-04-13 06:17:22Z INFO BrokerMessageListener] Received job status event. JobState: Online
[2026-04-13 06:17:22Z WARN GitHubActionsService] GET request to https://broker.actions.githubusercontent.com/message?sessionId=991ec555-335d-4da5-9dff-226628078269&status=Busy&runnerVersion=2.333.1&os=Windows&architecture=X64&disableUpdate=false has been cancelled.
[2026-04-13 06:17:22Z ERR  BrokerServer] Catch exception during request
[2026-04-13 06:17:22Z ERR  BrokerServer] System.Threading.Tasks.TaskCanceledException: The operation was canceled.
 ---> System.Threading.Tasks.TaskCanceledException: The operation was canceled.
 ---> System.IO.IOException: Unable to read data from the transport connection: 스레드 종료 또는 응용 프로그램 요청 때문에 I/O 작업이 취소되었습니다..
 ---> System.Net.Sockets.SocketException (995): 스레드 종료 또는 응용 프로그램 요청 때문에 I/O 작업이 취소되었습니다.
   --- End of inner exception stack trace ---
   at System.Net.Sockets.Socket.AwaitableSocketAsyncEventArgs.ThrowException(SocketError error, CancellationToken cancellationToken)
   at System.Net.Sockets.Socket.AwaitableSocketAsyncEventArgs.System.Threading.Tasks.Sources.IValueTaskSource<System.Int32>.GetResult(Int16 token)
   at System.Net.Security.SslStream.EnsureFullTlsFrameAsync[TIOAdapter](CancellationToken cancellationToken, Int32 estimatedSize)
   at System.Runtime.CompilerServices.PoolingAsyncValueTaskMethodBuilder`1.StateMachineBox`1.System.Threading.Tasks.Sources.IValueTaskSource<TResult>.GetResult(Int16 token)
   at System.Net.Security.SslStream.ReadAsyncInternal[TIOAdapter](Memory`1 buffer, CancellationToken cancellationToken)
   at System.Runtime.CompilerServices.PoolingAsyncValueTaskMethodBuilder`1.StateMachineBox`1.System.Threading.Tasks.Sources.IValueTaskSource<TResult>.GetResult(Int16 token)
   at System.Net.Http.HttpConnection.SendAsync(HttpRequestMessage request, Boolean async, CancellationToken cancellationToken)
   --- End of inner exception stack trace ---
   at System.Net.Http.HttpConnection.SendAsync(HttpRequestMessage request, Boolean async, CancellationToken cancellationToken)
   at System.Net.Http.AuthenticationHelper.SendWithNtAuthAsync(HttpRequestMessage request, Uri authUri, Boolean async, ICredentials credentials, Boolean isProxyAuth, HttpConnection connection, HttpConnectionPool connectionPool, CancellationToken cancellationToken)
   at System.Net.Http.HttpConnectionPool.SendWithVersionDetectionAndRetryAsync(HttpRequestMessage request, Boolean async, Boolean doRequestAuth, CancellationToken cancellationToken)
   at System.Net.Http.AuthenticationHelper.SendWithAuthAsync(HttpRequestMessage request, Uri authUri, Boolean async, ICredentials credentials, Boolean preAuthenticate, Boolean isProxyAuth, Boolean doRequestAuth, HttpConnectionPool pool, CancellationToken cancellationToken)
   at System.Net.Http.RedirectHandler.SendAsync(HttpRequestMessage request, Boolean async, CancellationToken cancellationToken)
   at GitHub.Services.Common.RawHttpMessageHandler.SendAsync(HttpRequestMessage request, CancellationToken cancellationToken)
   at GitHub.Services.Common.VssHttpRetryMessageHandler.SendAsync(HttpRequestMessage request, CancellationToken cancellationToken)
   at System.Net.Http.HttpClient.<SendAsync>g__Core|83_0(HttpRequestMessage request, HttpCompletionOption completionOption, CancellationTokenSource cts, Boolean disposeCts, CancellationTokenSource pendingRequestsCts, CancellationToken originalCancellationToken)
   --- End of inner exception stack trace ---
   at System.Net.Http.HttpClient.HandleFailure(Exception e, Boolean telemetryStarted, HttpResponseMessage response, CancellationTokenSource cts, CancellationToken cancellationToken, CancellationTokenSource pendingRequestsCts)
   at System.Net.Http.HttpClient.<SendAsync>g__Core|83_0(HttpRequestMessage request, HttpCompletionOption completionOption, CancellationTokenSource cts, Boolean disposeCts, CancellationTokenSource pendingRequestsCts, CancellationToken originalCancellationToken)
   at Sdk.WebApi.WebApi.RawHttpClientBase.SendAsync(HttpRequestMessage message, HttpCompletionOption completionOption, Object userState, CancellationToken cancellationToken)
   at Sdk.WebApi.WebApi.RawHttpClientBase.SendAsync[T](HttpRequestMessage message, Boolean readErrorBody, Object userState, CancellationToken cancellationToken)
   at Sdk.WebApi.WebApi.RawHttpClientBase.SendAsync[T](HttpMethod method, IEnumerable`1 additionalHeaders, Uri requestUri, HttpContent content, IEnumerable`1 queryParameters, Boolean readErrorBody, Object userState, CancellationToken cancellationToken)
   at GitHub.Actions.RunService.WebApi.BrokerHttpClient.GetRunnerMessageAsync(Nullable`1 sessionId, String runnerVersion, Nullable`1 status, String os, String architecture, Nullable`1 disableUpdate, CancellationToken cancellationToken)
   at GitHub.Runner.Common.BrokerServer.<>c__DisplayClass7_0.<<GetRunnerMessageAsync>b__0>d.MoveNext()
--- End of stack trace from previous location ---
   at GitHub.Runner.Common.RunnerService.RetryRequest[T](Func`1 func, CancellationToken cancellationToken, Int32 maxAttempts, Func`2 shouldRetry)
[2026-04-13 06:17:22Z ERR  BrokerServer] #####################################################
[2026-04-13 06:17:22Z ERR  BrokerServer] System.Threading.Tasks.TaskCanceledException: The operation was canceled.
 ---> System.IO.IOException: Unable to read data from the transport connection: 스레드 종료 또는 응용 프로그램 요청 때문에 I/O 작업이 취소되었습니다..
 ---> System.Net.Sockets.SocketException (995): 스레드 종료 또는 응용 프로그램 요청 때문에 I/O 작업이 취소되었습니다.
   --- End of inner exception stack trace ---
   at System.Net.Sockets.Socket.AwaitableSocketAsyncEventArgs.ThrowException(SocketError error, CancellationToken cancellationToken)
   at System.Net.Sockets.Socket.AwaitableSocketAsyncEventArgs.System.Threading.Tasks.Sources.IValueTaskSource<System.Int32>.GetResult(Int16 token)
   at System.Net.Security.SslStream.EnsureFullTlsFrameAsync[TIOAdapter](CancellationToken cancellationToken, Int32 estimatedSize)
   at System.Runtime.CompilerServices.PoolingAsyncValueTaskMethodBuilder`1.StateMachineBox`1.System.Threading.Tasks.Sources.IValueTaskSource<TResult>.GetResult(Int16 token)
   at System.Net.Security.SslStream.ReadAsyncInternal[TIOAdapter](Memory`1 buffer, CancellationToken cancellationToken)
   at System.Runtime.CompilerServices.PoolingAsyncValueTaskMethodBuilder`1.StateMachineBox`1.System.Threading.Tasks.Sources.IValueTaskSource<TResult>.GetResult(Int16 token)
   at System.Net.Http.HttpConnection.SendAsync(HttpRequestMessage request, Boolean async, CancellationToken cancellationToken)
   --- End of inner exception stack trace ---
   at System.Net.Http.HttpConnection.SendAsync(HttpRequestMessage request, Boolean async, CancellationToken cancellationToken)
   at System.Net.Http.AuthenticationHelper.SendWithNtAuthAsync(HttpRequestMessage request, Uri authUri, Boolean async, ICredentials credentials, Boolean isProxyAuth, HttpConnection connection, HttpConnectionPool connectionPool, CancellationToken cancellationToken)
   at System.Net.Http.HttpConnectionPool.SendWithVersionDetectionAndRetryAsync(HttpRequestMessage request, Boolean async, Boolean doRequestAuth, CancellationToken cancellationToken)
   at System.Net.Http.AuthenticationHelper.SendWithAuthAsync(HttpRequestMessage request, Uri authUri, Boolean async, ICredentials credentials, Boolean preAuthenticate, Boolean isProxyAuth, Boolean doRequestAuth, HttpConnectionPool pool, CancellationToken cancellationToken)
   at System.Net.Http.RedirectHandler.SendAsync(HttpRequestMessage request, Boolean async, CancellationToken cancellationToken)
   at GitHub.Services.Common.RawHttpMessageHandler.SendAsync(HttpRequestMessage request, CancellationToken cancellationToken)
   at GitHub.Services.Common.VssHttpRetryMessageHandler.SendAsync(HttpRequestMessage request, CancellationToken cancellationToken)
   at System.Net.Http.HttpClient.<SendAsync>g__Core|83_0(HttpRequestMessage request, HttpCompletionOption completionOption, CancellationTokenSource cts, Boolean disposeCts, CancellationTokenSource pendingRequestsCts, CancellationToken originalCancellationToken)
[2026-04-13 06:17:22Z ERR  BrokerServer] #####################################################
[2026-04-13 06:17:22Z ERR  BrokerServer] System.IO.IOException: Unable to read data from the transport connection: 스레드 종료 또는 응용 프로그램 요청 때문에 I/O 작업이 취소되었습니다..
 ---> System.Net.Sockets.SocketException (995): 스레드 종료 또는 응용 프로그램 요청 때문에 I/O 작업이 취소되었습니다.
   --- End of inner exception stack trace ---
   at System.Net.Sockets.Socket.AwaitableSocketAsyncEventArgs.ThrowException(SocketError error, CancellationToken cancellationToken)
   at System.Net.Sockets.Socket.AwaitableSocketAsyncEventArgs.System.Threading.Tasks.Sources.IValueTaskSource<System.Int32>.GetResult(Int16 token)
   at System.Net.Security.SslStream.EnsureFullTlsFrameAsync[TIOAdapter](CancellationToken cancellationToken, Int32 estimatedSize)
   at System.Runtime.CompilerServices.PoolingAsyncValueTaskMethodBuilder`1.StateMachineBox`1.System.Threading.Tasks.Sources.IValueTaskSource<TResult>.GetResult(Int16 token)
   at System.Net.Security.SslStream.ReadAsyncInternal[TIOAdapter](Memory`1 buffer, CancellationToken cancellationToken)
   at System.Runtime.CompilerServices.PoolingAsyncValueTaskMethodBuilder`1.StateMachineBox`1.System.Threading.Tasks.Sources.IValueTaskSource<TResult>.GetResult(Int16 token)
   at System.Net.Http.HttpConnection.SendAsync(HttpRequestMessage request, Boolean async, CancellationToken cancellationToken)
[2026-04-13 06:17:22Z ERR  BrokerServer] #####################################################
[2026-04-13 06:17:22Z ERR  BrokerServer] System.Net.Sockets.SocketException (995): 스레드 종료 또는 응용 프로그램 요청 때문에 I/O 작업이 취소되었습니다.
[2026-04-13 06:17:22Z WARN BrokerServer] Back off 10.735 seconds before next retry. 4 attempt left.
[2026-04-13 06:17:22Z INFO BrokerMessageListener] Get messages has been cancelled using local token source. Continue to get messages with new status.
[2026-04-13 06:17:23Z INFO BrokerMessageListener] Acknowledging runner request 'f4f6a481-75b3-5ceb-86b9-3b6a1ebc8028'.
[2026-04-13 06:17:23Z INFO ConfigurationStore] HasCredentials()
[2026-04-13 06:17:23Z INFO ConfigurationStore] stored True
[2026-04-13 06:17:23Z INFO CredentialManager] GetCredentialProvider
[2026-04-13 06:17:23Z INFO CredentialManager] Creating type OAuth
[2026-04-13 06:17:23Z INFO CredentialManager] Creating credential type: OAuth
[2026-04-13 06:17:23Z INFO RSAEncryptedFileKeyManager] Loading RSA key parameters from file C:\Users\sypark5\TestAgent\actions-runner\.credentials_rsaparams
[2026-04-13 06:17:23Z INFO RSAEncryptedFileKeyManager] Loading RSA key parameters from file C:\Users\sypark5\TestAgent\actions-runner\.credentials_rsaparams
[2026-04-13 06:17:23Z INFO RSAEncryptedFileKeyManager] Loading RSA key parameters from file C:\Users\sypark5\TestAgent\actions-runner\.credentials_rsaparams
[2026-04-13 06:17:24Z INFO GitHubActionsService] AAD Correlation ID for this token request: Unknown
[2026-04-13 06:17:25Z INFO JobDispatcher] Job request 0 for plan 1cf6f631-a9a0-4c6c-888e-eddf6aae6961 job f4f6a481-75b3-5ceb-86b9-3b6a1ebc8028 received.
[2026-04-13 06:17:25Z INFO JobDispatcher] Pull OrchestrationId 1cf6f631-a9a0-4c6c-888e-eddf6aae6961.detect-changes.__default from JWT claims
[2026-04-13 06:17:25Z INFO BrokerMessageListener] Received job status event. JobState: Busy
[2026-04-13 06:17:25Z INFO BrokerMessageListener] _getMessagesTokenSource is already disposed.
[2026-04-13 06:17:25Z INFO JobDispatcher] Job request ce41b737-e234-57e6-be15-1dda9a0be7c2 processed succeed.
[2026-04-13 06:17:25Z INFO Terminal] WRITE LINE: 2026-04-13 06:17:25Z: Running job: 변경 감지 (Swagger Hash + Server Version)
[2026-04-13 06:17:25Z INFO JobDispatcher] Start renew job request 0 for job f4f6a481-75b3-5ceb-86b9-3b6a1ebc8028.
[2026-04-13 06:17:26Z INFO JobDispatcher] Successfully renew job f4f6a481-75b3-5ceb-86b9-3b6a1ebc8028, job is valid till 2026-04-13 오전 6:27:26
[2026-04-13 06:17:26Z INFO HostContext] Well known directory 'Bin': 'C:\Users\sypark5\TestAgent\actions-runner\bin'
[2026-04-13 06:17:26Z INFO ProcessInvokerWrapper] Starting process:
[2026-04-13 06:17:26Z INFO ProcessInvokerWrapper]   File name: 'C:\Users\sypark5\TestAgent\actions-runner\bin\Runner.Worker.exe'
[2026-04-13 06:17:26Z INFO ProcessInvokerWrapper]   Arguments: 'spawnclient 1380 2436'
[2026-04-13 06:17:26Z INFO ProcessInvokerWrapper]   Working directory: 'C:\Users\sypark5\TestAgent\actions-runner\bin'
[2026-04-13 06:17:26Z INFO ProcessInvokerWrapper]   Require exit code zero: 'False'
[2026-04-13 06:17:26Z INFO ProcessInvokerWrapper]   Encoding web name:  ; code page: ''
[2026-04-13 06:17:26Z INFO ProcessInvokerWrapper]   Force kill process on cancellation: 'True'
[2026-04-13 06:17:26Z INFO ProcessInvokerWrapper]   Redirected STDIN: 'False'
[2026-04-13 06:17:26Z INFO ProcessInvokerWrapper]   Persist current code page: 'False'
[2026-04-13 06:17:26Z INFO ProcessInvokerWrapper]   Keep redirected STDIN open: 'False'
[2026-04-13 06:17:26Z INFO ProcessInvokerWrapper]   High priority process: 'True'
[2026-04-13 06:17:26Z INFO ProcessInvokerWrapper] Process started with process id 4228, waiting for process exit.
[2026-04-13 06:17:26Z INFO JobDispatcher] Send job request message to worker for job f4f6a481-75b3-5ceb-86b9-3b6a1ebc8028.
[2026-04-13 06:17:26Z INFO ProcessChannel] Sending message of length 23182, with hash '7ccf1ef7cf69432d52754a2f2ecf2410ab6055438953441cfb1764c17b18570c'
[2026-04-13 06:17:26Z INFO JobNotification] Entering JobStarted Notification
[2026-04-13 06:17:26Z INFO JobNotification] Entering StartMonitor
[2026-04-13 06:17:57Z INFO ProcessInvokerWrapper] STDOUT/STDERR stream read finished.
[2026-04-13 06:17:57Z INFO ProcessInvokerWrapper] STDOUT/STDERR stream read finished.
[2026-04-13 06:17:57Z INFO ProcessInvokerWrapper] Finished process 4228 with exit code 100, and elapsed time 00:00:31.3282224.
[2026-04-13 06:17:57Z INFO JobDispatcher] Worker finished for job f4f6a481-75b3-5ceb-86b9-3b6a1ebc8028. Code: 100
[2026-04-13 06:17:57Z INFO JobDispatcher] finish job request for job f4f6a481-75b3-5ceb-86b9-3b6a1ebc8028 with result: Succeeded
[2026-04-13 06:17:57Z INFO Terminal] WRITE LINE: 2026-04-13 06:17:57Z: Job 변경 감지 (Swagger Hash + Server Version) completed with result: Succeeded
[2026-04-13 06:17:57Z INFO JobDispatcher] Stop renew job request for job f4f6a481-75b3-5ceb-86b9-3b6a1ebc8028.
[2026-04-13 06:17:57Z INFO JobDispatcher] job renew has been cancelled, stop renew job f4f6a481-75b3-5ceb-86b9-3b6a1ebc8028.
[2026-04-13 06:17:57Z INFO JobNotification] Entering JobCompleted Notification
[2026-04-13 06:17:57Z INFO JobNotification] Entering EndMonitor
[2026-04-13 06:17:57Z INFO BrokerMessageListener] Received job status event. JobState: Online
[2026-04-13 06:17:57Z WARN GitHubActionsService] GET request to https://broker.actions.githubusercontent.com/message?sessionId=991ec555-335d-4da5-9dff-226628078269&status=Busy&runnerVersion=2.333.1&os=Windows&architecture=X64&disableUpdate=false has been cancelled.
[2026-04-13 06:17:57Z ERR  BrokerServer] Catch exception during request
[2026-04-13 06:17:57Z ERR  BrokerServer] System.Threading.Tasks.TaskCanceledException: The operation was canceled.
 ---> System.Threading.Tasks.TaskCanceledException: The operation was canceled.
 ---> System.IO.IOException: Unable to read data from the transport connection: 스레드 종료 또는 응용 프로그램 요청 때문에 I/O 작업이 취소되었습니다..
 ---> System.Net.Sockets.SocketException (995): 스레드 종료 또는 응용 프로그램 요청 때문에 I/O 작업이 취소되었습니다.
   --- End of inner exception stack trace ---
   at System.Net.Sockets.Socket.AwaitableSocketAsyncEventArgs.ThrowException(SocketError error, CancellationToken cancellationToken)
   at System.Net.Sockets.Socket.AwaitableSocketAsyncEventArgs.System.Threading.Tasks.Sources.IValueTaskSource<System.Int32>.GetResult(Int16 token)
   at System.Net.Security.SslStream.EnsureFullTlsFrameAsync[TIOAdapter](CancellationToken cancellationToken, Int32 estimatedSize)
   at System.Runtime.CompilerServices.PoolingAsyncValueTaskMethodBuilder`1.StateMachineBox`1.System.Threading.Tasks.Sources.IValueTaskSource<TResult>.GetResult(Int16 token)
   at System.Net.Security.SslStream.ReadAsyncInternal[TIOAdapter](Memory`1 buffer, CancellationToken cancellationToken)
   at System.Runtime.CompilerServices.PoolingAsyncValueTaskMethodBuilder`1.StateMachineBox`1.System.Threading.Tasks.Sources.IValueTaskSource<TResult>.GetResult(Int16 token)
   at System.Net.Http.HttpConnection.<EnsureReadAheadTaskHasStarted>g__ReadAheadWithZeroByteReadAsync|40_0()
   at System.Net.Http.HttpConnection.SendAsync(HttpRequestMessage request, Boolean async, CancellationToken cancellationToken)
   --- End of inner exception stack trace ---
   at System.Net.Http.HttpConnection.SendAsync(HttpRequestMessage request, Boolean async, CancellationToken cancellationToken)
   at System.Net.Http.AuthenticationHelper.SendWithNtAuthAsync(HttpRequestMessage request, Uri authUri, Boolean async, ICredentials credentials, Boolean isProxyAuth, HttpConnection connection, HttpConnectionPool connectionPool, CancellationToken cancellationToken)
   at System.Net.Http.HttpConnectionPool.SendWithVersionDetectionAndRetryAsync(HttpRequestMessage request, Boolean async, Boolean doRequestAuth, CancellationToken cancellationToken)
   at System.Net.Http.AuthenticationHelper.SendWithAuthAsync(HttpRequestMessage request, Uri authUri, Boolean async, ICredentials credentials, Boolean preAuthenticate, Boolean isProxyAuth, Boolean doRequestAuth, HttpConnectionPool pool, CancellationToken cancellationToken)
   at System.Net.Http.RedirectHandler.SendAsync(HttpRequestMessage request, Boolean async, CancellationToken cancellationToken)
   at GitHub.Services.Common.RawHttpMessageHandler.SendAsync(HttpRequestMessage request, CancellationToken cancellationToken)
   at GitHub.Services.Common.VssHttpRetryMessageHandler.SendAsync(HttpRequestMessage request, CancellationToken cancellationToken)
   at System.Net.Http.HttpClient.<SendAsync>g__Core|83_0(HttpRequestMessage request, HttpCompletionOption completionOption, CancellationTokenSource cts, Boolean disposeCts, CancellationTokenSource pendingRequestsCts, CancellationToken originalCancellationToken)
   --- End of inner exception stack trace ---
   at System.Net.Http.HttpClient.HandleFailure(Exception e, Boolean telemetryStarted, HttpResponseMessage response, CancellationTokenSource cts, CancellationToken cancellationToken, CancellationTokenSource pendingRequestsCts)
   at System.Net.Http.HttpClient.<SendAsync>g__Core|83_0(HttpRequestMessage request, HttpCompletionOption completionOption, CancellationTokenSource cts, Boolean disposeCts, CancellationTokenSource pendingRequestsCts, CancellationToken originalCancellationToken)
   at Sdk.WebApi.WebApi.RawHttpClientBase.SendAsync(HttpRequestMessage message, HttpCompletionOption completionOption, Object userState, CancellationToken cancellationToken)
   at Sdk.WebApi.WebApi.RawHttpClientBase.SendAsync[T](HttpRequestMessage message, Boolean readErrorBody, Object userState, CancellationToken cancellationToken)
   at Sdk.WebApi.WebApi.RawHttpClientBase.SendAsync[T](HttpMethod method, IEnumerable`1 additionalHeaders, Uri requestUri, HttpContent content, IEnumerable`1 queryParameters, Boolean readErrorBody, Object userState, CancellationToken cancellationToken)
   at GitHub.Actions.RunService.WebApi.BrokerHttpClient.GetRunnerMessageAsync(Nullable`1 sessionId, String runnerVersion, Nullable`1 status, String os, String architecture, Nullable`1 disableUpdate, CancellationToken cancellationToken)
   at GitHub.Runner.Common.BrokerServer.<>c__DisplayClass7_0.<<GetRunnerMessageAsync>b__0>d.MoveNext()
--- End of stack trace from previous location ---
   at GitHub.Runner.Common.RunnerService.RetryRequest[T](Func`1 func, CancellationToken cancellationToken, Int32 maxAttempts, Func`2 shouldRetry)
[2026-04-13 06:17:57Z ERR  BrokerServer] #####################################################
[2026-04-13 06:17:57Z ERR  BrokerServer] System.Threading.Tasks.TaskCanceledException: The operation was canceled.
 ---> System.IO.IOException: Unable to read data from the transport connection: 스레드 종료 또는 응용 프로그램 요청 때문에 I/O 작업이 취소되었습니다..
 ---> System.Net.Sockets.SocketException (995): 스레드 종료 또는 응용 프로그램 요청 때문에 I/O 작업이 취소되었습니다.
   --- End of inner exception stack trace ---
   at System.Net.Sockets.Socket.AwaitableSocketAsyncEventArgs.ThrowException(SocketError error, CancellationToken cancellationToken)
   at System.Net.Sockets.Socket.AwaitableSocketAsyncEventArgs.System.Threading.Tasks.Sources.IValueTaskSource<System.Int32>.GetResult(Int16 token)
   at System.Net.Security.SslStream.EnsureFullTlsFrameAsync[TIOAdapter](CancellationToken cancellationToken, Int32 estimatedSize)
   at System.Runtime.CompilerServices.PoolingAsyncValueTaskMethodBuilder`1.StateMachineBox`1.System.Threading.Tasks.Sources.IValueTaskSource<TResult>.GetResult(Int16 token)
   at System.Net.Security.SslStream.ReadAsyncInternal[TIOAdapter](Memory`1 buffer, CancellationToken cancellationToken)
   at System.Runtime.CompilerServices.PoolingAsyncValueTaskMethodBuilder`1.StateMachineBox`1.System.Threading.Tasks.Sources.IValueTaskSource<TResult>.GetResult(Int16 token)
   at System.Net.Http.HttpConnection.<EnsureReadAheadTaskHasStarted>g__ReadAheadWithZeroByteReadAsync|40_0()
   at System.Net.Http.HttpConnection.SendAsync(HttpRequestMessage request, Boolean async, CancellationToken cancellationToken)
   --- End of inner exception stack trace ---
   at System.Net.Http.HttpConnection.SendAsync(HttpRequestMessage request, Boolean async, CancellationToken cancellationToken)
   at System.Net.Http.AuthenticationHelper.SendWithNtAuthAsync(HttpRequestMessage request, Uri authUri, Boolean async, ICredentials credentials, Boolean isProxyAuth, HttpConnection connection, HttpConnectionPool connectionPool, CancellationToken cancellationToken)
   at System.Net.Http.HttpConnectionPool.SendWithVersionDetectionAndRetryAsync(HttpRequestMessage request, Boolean async, Boolean doRequestAuth, CancellationToken cancellationToken)
   at System.Net.Http.AuthenticationHelper.SendWithAuthAsync(HttpRequestMessage request, Uri authUri, Boolean async, ICredentials credentials, Boolean preAuthenticate, Boolean isProxyAuth, Boolean doRequestAuth, HttpConnectionPool pool, CancellationToken cancellationToken)
   at System.Net.Http.RedirectHandler.SendAsync(HttpRequestMessage request, Boolean async, CancellationToken cancellationToken)
   at GitHub.Services.Common.RawHttpMessageHandler.SendAsync(HttpRequestMessage request, CancellationToken cancellationToken)
   at GitHub.Services.Common.VssHttpRetryMessageHandler.SendAsync(HttpRequestMessage request, CancellationToken cancellationToken)
   at System.Net.Http.HttpClient.<SendAsync>g__Core|83_0(HttpRequestMessage request, HttpCompletionOption completionOption, CancellationTokenSource cts, Boolean disposeCts, CancellationTokenSource pendingRequestsCts, CancellationToken originalCancellationToken)
[2026-04-13 06:17:57Z ERR  BrokerServer] #####################################################
[2026-04-13 06:17:57Z ERR  BrokerServer] System.IO.IOException: Unable to read data from the transport connection: 스레드 종료 또는 응용 프로그램 요청 때문에 I/O 작업이 취소되었습니다..
 ---> System.Net.Sockets.SocketException (995): 스레드 종료 또는 응용 프로그램 요청 때문에 I/O 작업이 취소되었습니다.
   --- End of inner exception stack trace ---
   at System.Net.Sockets.Socket.AwaitableSocketAsyncEventArgs.ThrowException(SocketError error, CancellationToken cancellationToken)
   at System.Net.Sockets.Socket.AwaitableSocketAsyncEventArgs.System.Threading.Tasks.Sources.IValueTaskSource<System.Int32>.GetResult(Int16 token)
   at System.Net.Security.SslStream.EnsureFullTlsFrameAsync[TIOAdapter](CancellationToken cancellationToken, Int32 estimatedSize)
   at System.Runtime.CompilerServices.PoolingAsyncValueTaskMethodBuilder`1.StateMachineBox`1.System.Threading.Tasks.Sources.IValueTaskSource<TResult>.GetResult(Int16 token)
   at System.Net.Security.SslStream.ReadAsyncInternal[TIOAdapter](Memory`1 buffer, CancellationToken cancellationToken)
   at System.Runtime.CompilerServices.PoolingAsyncValueTaskMethodBuilder`1.StateMachineBox`1.System.Threading.Tasks.Sources.IValueTaskSource<TResult>.GetResult(Int16 token)
   at System.Net.Http.HttpConnection.<EnsureReadAheadTaskHasStarted>g__ReadAheadWithZeroByteReadAsync|40_0()
   at System.Net.Http.HttpConnection.SendAsync(HttpRequestMessage request, Boolean async, CancellationToken cancellationToken)
[2026-04-13 06:17:57Z ERR  BrokerServer] #####################################################
[2026-04-13 06:17:57Z ERR  BrokerServer] System.Net.Sockets.SocketException (995): 스레드 종료 또는 응용 프로그램 요청 때문에 I/O 작업이 취소되었습니다.
[2026-04-13 06:17:57Z WARN BrokerServer] Back off 6.926 seconds before next retry. 4 attempt left.
[2026-04-13 06:17:57Z INFO BrokerMessageListener] Get messages has been cancelled using local token source. Continue to get messages with new status.
[2026-04-13 06:17:58Z INFO BrokerMessageListener] Acknowledging runner request '47c3c97e-1803-5293-b3c0-c8e1870bd4cb'.
[2026-04-13 06:17:58Z INFO ConfigurationStore] HasCredentials()
[2026-04-13 06:17:58Z INFO ConfigurationStore] stored True
[2026-04-13 06:17:58Z INFO CredentialManager] GetCredentialProvider
[2026-04-13 06:17:58Z INFO CredentialManager] Creating type OAuth
[2026-04-13 06:17:58Z INFO CredentialManager] Creating credential type: OAuth
[2026-04-13 06:17:58Z INFO RSAEncryptedFileKeyManager] Loading RSA key parameters from file C:\Users\sypark5\TestAgent\actions-runner\.credentials_rsaparams
[2026-04-13 06:17:58Z INFO RSAEncryptedFileKeyManager] Loading RSA key parameters from file C:\Users\sypark5\TestAgent\actions-runner\.credentials_rsaparams
[2026-04-13 06:17:58Z INFO RSAEncryptedFileKeyManager] Loading RSA key parameters from file C:\Users\sypark5\TestAgent\actions-runner\.credentials_rsaparams
[2026-04-13 06:17:59Z INFO GitHubActionsService] AAD Correlation ID for this token request: Unknown
[2026-04-13 06:18:01Z INFO JobDispatcher] Job request 0 for plan 8c84b818-f3a4-4187-893b-6fea2c8d5539 job 47c3c97e-1803-5293-b3c0-c8e1870bd4cb received.
[2026-04-13 06:18:01Z INFO JobDispatcher] Pull OrchestrationId 8c84b818-f3a4-4187-893b-6fea2c8d5539.run-pipeline.__default from JWT claims
[2026-04-13 06:18:01Z INFO BrokerMessageListener] Received job status event. JobState: Busy
[2026-04-13 06:18:01Z INFO BrokerMessageListener] _getMessagesTokenSource is already disposed.
[2026-04-13 06:18:01Z INFO JobDispatcher] Job request f4f6a481-75b3-5ceb-86b9-3b6a1ebc8028 processed succeed.
[2026-04-13 06:18:01Z INFO Terminal] WRITE LINE: 2026-04-13 06:18:01Z: Running job: AutoTC 파이프라인 실행
[2026-04-13 06:18:01Z INFO JobDispatcher] Start renew job request 0 for job 47c3c97e-1803-5293-b3c0-c8e1870bd4cb.
[2026-04-13 06:18:02Z INFO JobDispatcher] Successfully renew job 47c3c97e-1803-5293-b3c0-c8e1870bd4cb, job is valid till 2026-04-13 오전 6:28:01
[2026-04-13 06:18:02Z INFO HostContext] Well known directory 'Bin': 'C:\Users\sypark5\TestAgent\actions-runner\bin'
[2026-04-13 06:18:02Z INFO ProcessInvokerWrapper] Starting process:
[2026-04-13 06:18:02Z INFO ProcessInvokerWrapper]   File name: 'C:\Users\sypark5\TestAgent\actions-runner\bin\Runner.Worker.exe'
[2026-04-13 06:18:02Z INFO ProcessInvokerWrapper]   Arguments: 'spawnclient 2392 1388'
[2026-04-13 06:18:02Z INFO ProcessInvokerWrapper]   Working directory: 'C:\Users\sypark5\TestAgent\actions-runner\bin'
[2026-04-13 06:18:02Z INFO ProcessInvokerWrapper]   Require exit code zero: 'False'
[2026-04-13 06:18:02Z INFO ProcessInvokerWrapper]   Encoding web name:  ; code page: ''
[2026-04-13 06:18:02Z INFO ProcessInvokerWrapper]   Force kill process on cancellation: 'True'
[2026-04-13 06:18:02Z INFO ProcessInvokerWrapper]   Redirected STDIN: 'False'
[2026-04-13 06:18:02Z INFO ProcessInvokerWrapper]   Persist current code page: 'False'
[2026-04-13 06:18:02Z INFO ProcessInvokerWrapper]   Keep redirected STDIN open: 'False'
[2026-04-13 06:18:02Z INFO ProcessInvokerWrapper]   High priority process: 'True'
[2026-04-13 06:18:02Z INFO ProcessInvokerWrapper] Process started with process id 7676, waiting for process exit.
[2026-04-13 06:18:02Z INFO JobDispatcher] Send job request message to worker for job 47c3c97e-1803-5293-b3c0-c8e1870bd4cb.
[2026-04-13 06:18:02Z INFO ProcessChannel] Sending message of length 29874, with hash '6065a7915107b028422c12271c9ddc5fac9dafaad86a62cfc9f889ad24babf13'
[2026-04-13 06:18:02Z INFO JobNotification] Entering JobStarted Notification
[2026-04-13 06:18:02Z INFO JobNotification] Entering StartMonitor
[2026-04-13 06:19:02Z INFO JobDispatcher] Successfully renew job 47c3c97e-1803-5293-b3c0-c8e1870bd4cb, job is valid till 2026-04-13 오전 6:29:02
[2026-04-13 06:19:10Z INFO ProcessInvokerWrapper] STDOUT/STDERR stream read finished.
[2026-04-13 06:19:10Z INFO ProcessInvokerWrapper] STDOUT/STDERR stream read finished.
[2026-04-13 06:19:10Z INFO ProcessInvokerWrapper] Finished process 7676 with exit code 100, and elapsed time 00:01:08.4501626.
[2026-04-13 06:19:10Z INFO JobDispatcher] Worker finished for job 47c3c97e-1803-5293-b3c0-c8e1870bd4cb. Code: 100
[2026-04-13 06:19:10Z INFO JobDispatcher] finish job request for job 47c3c97e-1803-5293-b3c0-c8e1870bd4cb with result: Succeeded
[2026-04-13 06:19:10Z INFO Terminal] WRITE LINE: 2026-04-13 06:19:10Z: Job AutoTC 파이프라인 실행 completed with result: Succeeded
[2026-04-13 06:19:10Z INFO JobDispatcher] Stop renew job request for job 47c3c97e-1803-5293-b3c0-c8e1870bd4cb.
[2026-04-13 06:19:10Z INFO JobDispatcher] job renew has been cancelled, stop renew job 47c3c97e-1803-5293-b3c0-c8e1870bd4cb.
[2026-04-13 06:19:10Z INFO JobNotification] Entering JobCompleted Notification
[2026-04-13 06:19:10Z INFO JobNotification] Entering EndMonitor
[2026-04-13 06:19:10Z INFO BrokerMessageListener] Received job status event. JobState: Online
[2026-04-13 06:19:10Z WARN GitHubActionsService] GET request to https://broker.actions.githubusercontent.com/message?sessionId=991ec555-335d-4da5-9dff-226628078269&status=Busy&runnerVersion=2.333.1&os=Windows&architecture=X64&disableUpdate=false has been cancelled.
[2026-04-13 06:19:10Z ERR  BrokerServer] Catch exception during request
[2026-04-13 06:19:10Z ERR  BrokerServer] System.Threading.Tasks.TaskCanceledException: The operation was canceled.
 ---> System.Threading.Tasks.TaskCanceledException: The operation was canceled.
 ---> System.IO.IOException: Unable to read data from the transport connection: 스레드 종료 또는 응용 프로그램 요청 때문에 I/O 작업이 취소되었습니다..
 ---> System.Net.Sockets.SocketException (995): 스레드 종료 또는 응용 프로그램 요청 때문에 I/O 작업이 취소되었습니다.
   --- End of inner exception stack trace ---
   at System.Net.Sockets.Socket.AwaitableSocketAsyncEventArgs.System.Threading.Tasks.Sources.IValueTaskSource<System.Int32>.GetResult(Int16 token)
   at System.Net.Security.SslStream.EnsureFullTlsFrameAsync[TIOAdapter](CancellationToken cancellationToken, Int32 estimatedSize)
   at System.Runtime.CompilerServices.PoolingAsyncValueTaskMethodBuilder`1.StateMachineBox`1.System.Threading.Tasks.Sources.IValueTaskSource<TResult>.GetResult(Int16 token)
   at System.Net.Security.SslStream.ReadAsyncInternal[TIOAdapter](Memory`1 buffer, CancellationToken cancellationToken)
   at System.Runtime.CompilerServices.PoolingAsyncValueTaskMethodBuilder`1.StateMachineBox`1.System.Threading.Tasks.Sources.IValueTaskSource<TResult>.GetResult(Int16 token)
   at System.Net.Http.HttpConnection.SendAsync(HttpRequestMessage request, Boolean async, CancellationToken cancellationToken)
   --- End of inner exception stack trace ---
   at System.Net.Http.HttpConnection.SendAsync(HttpRequestMessage request, Boolean async, CancellationToken cancellationToken)
   at System.Net.Http.AuthenticationHelper.SendWithNtAuthAsync(HttpRequestMessage request, Uri authUri, Boolean async, ICredentials credentials, Boolean isProxyAuth, HttpConnection connection, HttpConnectionPool connectionPool, CancellationToken cancellationToken)
   at System.Net.Http.HttpConnectionPool.SendWithVersionDetectionAndRetryAsync(HttpRequestMessage request, Boolean async, Boolean doRequestAuth, CancellationToken cancellationToken)
   at System.Net.Http.AuthenticationHelper.SendWithAuthAsync(HttpRequestMessage request, Uri authUri, Boolean async, ICredentials credentials, Boolean preAuthenticate, Boolean isProxyAuth, Boolean doRequestAuth, HttpConnectionPool pool, CancellationToken cancellationToken)
   at System.Net.Http.RedirectHandler.SendAsync(HttpRequestMessage request, Boolean async, CancellationToken cancellationToken)
   at GitHub.Services.Common.RawHttpMessageHandler.SendAsync(HttpRequestMessage request, CancellationToken cancellationToken)
   at GitHub.Services.Common.VssHttpRetryMessageHandler.SendAsync(HttpRequestMessage request, CancellationToken cancellationToken)
   at System.Net.Http.HttpClient.<SendAsync>g__Core|83_0(HttpRequestMessage request, HttpCompletionOption completionOption, CancellationTokenSource cts, Boolean disposeCts, CancellationTokenSource pendingRequestsCts, CancellationToken originalCancellationToken)
   --- End of inner exception stack trace ---
   at System.Net.Http.HttpClient.HandleFailure(Exception e, Boolean telemetryStarted, HttpResponseMessage response, CancellationTokenSource cts, CancellationToken cancellationToken, CancellationTokenSource pendingRequestsCts)
   at System.Net.Http.HttpClient.<SendAsync>g__Core|83_0(HttpRequestMessage request, HttpCompletionOption completionOption, CancellationTokenSource cts, Boolean disposeCts, CancellationTokenSource pendingRequestsCts, CancellationToken originalCancellationToken)
   at Sdk.WebApi.WebApi.RawHttpClientBase.SendAsync(HttpRequestMessage message, HttpCompletionOption completionOption, Object userState, CancellationToken cancellationToken)
   at Sdk.WebApi.WebApi.RawHttpClientBase.SendAsync[T](HttpRequestMessage message, Boolean readErrorBody, Object userState, CancellationToken cancellationToken)
   at Sdk.WebApi.WebApi.RawHttpClientBase.SendAsync[T](HttpMethod method, IEnumerable`1 additionalHeaders, Uri requestUri, HttpContent content, IEnumerable`1 queryParameters, Boolean readErrorBody, Object userState, CancellationToken cancellationToken)
   at GitHub.Actions.RunService.WebApi.BrokerHttpClient.GetRunnerMessageAsync(Nullable`1 sessionId, String runnerVersion, Nullable`1 status, String os, String architecture, Nullable`1 disableUpdate, CancellationToken cancellationToken)
   at GitHub.Runner.Common.BrokerServer.<>c__DisplayClass7_0.<<GetRunnerMessageAsync>b__0>d.MoveNext()
--- End of stack trace from previous location ---
   at GitHub.Runner.Common.RunnerService.RetryRequest[T](Func`1 func, CancellationToken cancellationToken, Int32 maxAttempts, Func`2 shouldRetry)
[2026-04-13 06:19:10Z ERR  BrokerServer] #####################################################
[2026-04-13 06:19:10Z ERR  BrokerServer] System.Threading.Tasks.TaskCanceledException: The operation was canceled.
 ---> System.IO.IOException: Unable to read data from the transport connection: 스레드 종료 또는 응용 프로그램 요청 때문에 I/O 작업이 취소되었습니다..
 ---> System.Net.Sockets.SocketException (995): 스레드 종료 또는 응용 프로그램 요청 때문에 I/O 작업이 취소되었습니다.
   --- End of inner exception stack trace ---
   at System.Net.Sockets.Socket.AwaitableSocketAsyncEventArgs.System.Threading.Tasks.Sources.IValueTaskSource<System.Int32>.GetResult(Int16 token)
   at System.Net.Security.SslStream.EnsureFullTlsFrameAsync[TIOAdapter](CancellationToken cancellationToken, Int32 estimatedSize)
   at System.Runtime.CompilerServices.PoolingAsyncValueTaskMethodBuilder`1.StateMachineBox`1.System.Threading.Tasks.Sources.IValueTaskSource<TResult>.GetResult(Int16 token)
   at System.Net.Security.SslStream.ReadAsyncInternal[TIOAdapter](Memory`1 buffer, CancellationToken cancellationToken)
   at System.Runtime.CompilerServices.PoolingAsyncValueTaskMethodBuilder`1.StateMachineBox`1.System.Threading.Tasks.Sources.IValueTaskSource<TResult>.GetResult(Int16 token)
   at System.Net.Http.HttpConnection.SendAsync(HttpRequestMessage request, Boolean async, CancellationToken cancellationToken)
   --- End of inner exception stack trace ---
   at System.Net.Http.HttpConnection.SendAsync(HttpRequestMessage request, Boolean async, CancellationToken cancellationToken)
   at System.Net.Http.AuthenticationHelper.SendWithNtAuthAsync(HttpRequestMessage request, Uri authUri, Boolean async, ICredentials credentials, Boolean isProxyAuth, HttpConnection connection, HttpConnectionPool connectionPool, CancellationToken cancellationToken)
   at System.Net.Http.HttpConnectionPool.SendWithVersionDetectionAndRetryAsync(HttpRequestMessage request, Boolean async, Boolean doRequestAuth, CancellationToken cancellationToken)
   at System.Net.Http.AuthenticationHelper.SendWithAuthAsync(HttpRequestMessage request, Uri authUri, Boolean async, ICredentials credentials, Boolean preAuthenticate, Boolean isProxyAuth, Boolean doRequestAuth, HttpConnectionPool pool, CancellationToken cancellationToken)
   at System.Net.Http.RedirectHandler.SendAsync(HttpRequestMessage request, Boolean async, CancellationToken cancellationToken)
   at GitHub.Services.Common.RawHttpMessageHandler.SendAsync(HttpRequestMessage request, CancellationToken cancellationToken)
   at GitHub.Services.Common.VssHttpRetryMessageHandler.SendAsync(HttpRequestMessage request, CancellationToken cancellationToken)
   at System.Net.Http.HttpClient.<SendAsync>g__Core|83_0(HttpRequestMessage request, HttpCompletionOption completionOption, CancellationTokenSource cts, Boolean disposeCts, CancellationTokenSource pendingRequestsCts, CancellationToken originalCancellationToken)
[2026-04-13 06:19:10Z ERR  BrokerServer] #####################################################
[2026-04-13 06:19:10Z ERR  BrokerServer] System.IO.IOException: Unable to read data from the transport connection: 스레드 종료 또는 응용 프로그램 요청 때문에 I/O 작업이 취소되었습니다..
 ---> System.Net.Sockets.SocketException (995): 스레드 종료 또는 응용 프로그램 요청 때문에 I/O 작업이 취소되었습니다.
   --- End of inner exception stack trace ---
   at System.Net.Sockets.Socket.AwaitableSocketAsyncEventArgs.System.Threading.Tasks.Sources.IValueTaskSource<System.Int32>.GetResult(Int16 token)
   at System.Net.Security.SslStream.EnsureFullTlsFrameAsync[TIOAdapter](CancellationToken cancellationToken, Int32 estimatedSize)
   at System.Runtime.CompilerServices.PoolingAsyncValueTaskMethodBuilder`1.StateMachineBox`1.System.Threading.Tasks.Sources.IValueTaskSource<TResult>.GetResult(Int16 token)
   at System.Net.Security.SslStream.ReadAsyncInternal[TIOAdapter](Memory`1 buffer, CancellationToken cancellationToken)
   at System.Runtime.CompilerServices.PoolingAsyncValueTaskMethodBuilder`1.StateMachineBox`1.System.Threading.Tasks.Sources.IValueTaskSource<TResult>.GetResult(Int16 token)
   at System.Net.Http.HttpConnection.SendAsync(HttpRequestMessage request, Boolean async, CancellationToken cancellationToken)
[2026-04-13 06:19:10Z ERR  BrokerServer] #####################################################
[2026-04-13 06:19:10Z ERR  BrokerServer] System.Net.Sockets.SocketException (995): 스레드 종료 또는 응용 프로그램 요청 때문에 I/O 작업이 취소되었습니다.
[2026-04-13 06:19:10Z WARN BrokerServer] Back off 7.297 seconds before next retry. 4 attempt left.
[2026-04-13 06:19:10Z INFO BrokerMessageListener] Get messages has been cancelled using local token source. Continue to get messages with new status.
[2026-04-13 06:19:11Z INFO BrokerMessageListener] Acknowledging runner request 'f342aa63-aad9-51fa-82cb-139d78f1bd2c'.
[2026-04-13 06:19:11Z INFO ConfigurationStore] HasCredentials()
[2026-04-13 06:19:11Z INFO ConfigurationStore] stored True
[2026-04-13 06:19:11Z INFO CredentialManager] GetCredentialProvider
[2026-04-13 06:19:11Z INFO CredentialManager] Creating type OAuth
[2026-04-13 06:19:11Z INFO CredentialManager] Creating credential type: OAuth
[2026-04-13 06:19:11Z INFO RSAEncryptedFileKeyManager] Loading RSA key parameters from file C:\Users\sypark5\TestAgent\actions-runner\.credentials_rsaparams
[2026-04-13 06:19:11Z INFO RSAEncryptedFileKeyManager] Loading RSA key parameters from file C:\Users\sypark5\TestAgent\actions-runner\.credentials_rsaparams
[2026-04-13 06:19:11Z INFO RSAEncryptedFileKeyManager] Loading RSA key parameters from file C:\Users\sypark5\TestAgent\actions-runner\.credentials_rsaparams
[2026-04-13 06:19:12Z INFO GitHubActionsService] AAD Correlation ID for this token request: Unknown
[2026-04-13 06:19:14Z INFO JobDispatcher] Job request 0 for plan 1cf6f631-a9a0-4c6c-888e-eddf6aae6961 job f342aa63-aad9-51fa-82cb-139d78f1bd2c received.
[2026-04-13 06:19:14Z INFO JobDispatcher] Pull OrchestrationId 1cf6f631-a9a0-4c6c-888e-eddf6aae6961.run-pipeline.__default from JWT claims
[2026-04-13 06:19:14Z INFO BrokerMessageListener] Received job status event. JobState: Busy
[2026-04-13 06:19:14Z INFO BrokerMessageListener] _getMessagesTokenSource is already disposed.
[2026-04-13 06:19:14Z INFO JobDispatcher] Job request 47c3c97e-1803-5293-b3c0-c8e1870bd4cb processed succeed.
[2026-04-13 06:19:14Z INFO Terminal] WRITE LINE: 2026-04-13 06:19:14Z: Running job: AutoTC 파이프라인 실행
[2026-04-13 06:19:14Z INFO JobDispatcher] Start renew job request 0 for job f342aa63-aad9-51fa-82cb-139d78f1bd2c.
[2026-04-13 06:19:14Z INFO JobDispatcher] Successfully renew job f342aa63-aad9-51fa-82cb-139d78f1bd2c, job is valid till 2026-04-13 오전 6:29:14
[2026-04-13 06:19:14Z INFO HostContext] Well known directory 'Bin': 'C:\Users\sypark5\TestAgent\actions-runner\bin'
[2026-04-13 06:19:14Z INFO ProcessInvokerWrapper] Starting process:
[2026-04-13 06:19:14Z INFO ProcessInvokerWrapper]   File name: 'C:\Users\sypark5\TestAgent\actions-runner\bin\Runner.Worker.exe'
[2026-04-13 06:19:14Z INFO ProcessInvokerWrapper]   Arguments: 'spawnclient 2328 2216'
[2026-04-13 06:19:14Z INFO ProcessInvokerWrapper]   Working directory: 'C:\Users\sypark5\TestAgent\actions-runner\bin'
[2026-04-13 06:19:14Z INFO ProcessInvokerWrapper]   Require exit code zero: 'False'
[2026-04-13 06:19:14Z INFO ProcessInvokerWrapper]   Encoding web name:  ; code page: ''
[2026-04-13 06:19:14Z INFO ProcessInvokerWrapper]   Force kill process on cancellation: 'True'
[2026-04-13 06:19:14Z INFO ProcessInvokerWrapper]   Redirected STDIN: 'False'
[2026-04-13 06:19:14Z INFO ProcessInvokerWrapper]   Persist current code page: 'False'
[2026-04-13 06:19:14Z INFO ProcessInvokerWrapper]   Keep redirected STDIN open: 'False'
[2026-04-13 06:19:14Z INFO ProcessInvokerWrapper]   High priority process: 'True'
[2026-04-13 06:19:14Z INFO ProcessInvokerWrapper] Process started with process id 21260, waiting for process exit.
[2026-04-13 06:19:14Z INFO JobDispatcher] Send job request message to worker for job f342aa63-aad9-51fa-82cb-139d78f1bd2c.
[2026-04-13 06:19:14Z INFO ProcessChannel] Sending message of length 31279, with hash 'dff22889b427b0e22e987e805d8c2a933411debb4367cb581e917d8827e46650'
[2026-04-13 06:19:15Z INFO JobNotification] Entering JobStarted Notification
[2026-04-13 06:19:15Z INFO JobNotification] Entering StartMonitor
[2026-04-13 06:20:05Z INFO ProcessInvokerWrapper] STDOUT/STDERR stream read finished.
[2026-04-13 06:20:05Z INFO ProcessInvokerWrapper] STDOUT/STDERR stream read finished.
[2026-04-13 06:20:05Z INFO ProcessInvokerWrapper] Finished process 21260 with exit code 100, and elapsed time 00:00:50.4018503.
[2026-04-13 06:20:05Z INFO JobDispatcher] Worker finished for job f342aa63-aad9-51fa-82cb-139d78f1bd2c. Code: 100
[2026-04-13 06:20:05Z INFO JobDispatcher] finish job request for job f342aa63-aad9-51fa-82cb-139d78f1bd2c with result: Succeeded
[2026-04-13 06:20:05Z INFO Terminal] WRITE LINE: 2026-04-13 06:20:05Z: Job AutoTC 파이프라인 실행 completed with result: Succeeded
[2026-04-13 06:20:05Z INFO JobDispatcher] Stop renew job request for job f342aa63-aad9-51fa-82cb-139d78f1bd2c.
[2026-04-13 06:20:05Z INFO JobDispatcher] job renew has been cancelled, stop renew job f342aa63-aad9-51fa-82cb-139d78f1bd2c.
[2026-04-13 06:20:05Z INFO JobNotification] Entering JobCompleted Notification
[2026-04-13 06:20:05Z INFO JobNotification] Entering EndMonitor
[2026-04-13 06:20:05Z INFO BrokerMessageListener] Received job status event. JobState: Online
[2026-04-13 06:20:05Z WARN GitHubActionsService] GET request to https://broker.actions.githubusercontent.com/message?sessionId=991ec555-335d-4da5-9dff-226628078269&status=Busy&runnerVersion=2.333.1&os=Windows&architecture=X64&disableUpdate=false has been cancelled.
[2026-04-13 06:20:05Z ERR  BrokerServer] Catch exception during request
[2026-04-13 06:20:05Z ERR  BrokerServer] System.Threading.Tasks.TaskCanceledException: The operation was canceled.
 ---> System.Threading.Tasks.TaskCanceledException: The operation was canceled.
 ---> System.IO.IOException: Unable to read data from the transport connection: 스레드 종료 또는 응용 프로그램 요청 때문에 I/O 작업이 취소되었습니다..
 ---> System.Net.Sockets.SocketException (995): 스레드 종료 또는 응용 프로그램 요청 때문에 I/O 작업이 취소되었습니다.
   --- End of inner exception stack trace ---
   at System.Net.Sockets.Socket.AwaitableSocketAsyncEventArgs.System.Threading.Tasks.Sources.IValueTaskSource<System.Int32>.GetResult(Int16 token)
   at System.Net.Security.SslStream.EnsureFullTlsFrameAsync[TIOAdapter](CancellationToken cancellationToken, Int32 estimatedSize)
   at System.Runtime.CompilerServices.PoolingAsyncValueTaskMethodBuilder`1.StateMachineBox`1.System.Threading.Tasks.Sources.IValueTaskSource<TResult>.GetResult(Int16 token)
   at System.Net.Security.SslStream.ReadAsyncInternal[TIOAdapter](Memory`1 buffer, CancellationToken cancellationToken)
   at System.Runtime.CompilerServices.PoolingAsyncValueTaskMethodBuilder`1.StateMachineBox`1.System.Threading.Tasks.Sources.IValueTaskSource<TResult>.GetResult(Int16 token)
   at System.Net.Http.HttpConnection.SendAsync(HttpRequestMessage request, Boolean async, CancellationToken cancellationToken)
   --- End of inner exception stack trace ---
   at System.Net.Http.HttpConnection.SendAsync(HttpRequestMessage request, Boolean async, CancellationToken cancellationToken)
   at System.Net.Http.AuthenticationHelper.SendWithNtAuthAsync(HttpRequestMessage request, Uri authUri, Boolean async, ICredentials credentials, Boolean isProxyAuth, HttpConnection connection, HttpConnectionPool connectionPool, CancellationToken cancellationToken)
   at System.Net.Http.HttpConnectionPool.SendWithVersionDetectionAndRetryAsync(HttpRequestMessage request, Boolean async, Boolean doRequestAuth, CancellationToken cancellationToken)
   at System.Net.Http.AuthenticationHelper.SendWithAuthAsync(HttpRequestMessage request, Uri authUri, Boolean async, ICredentials credentials, Boolean preAuthenticate, Boolean isProxyAuth, Boolean doRequestAuth, HttpConnectionPool pool, CancellationToken cancellationToken)
   at System.Net.Http.RedirectHandler.SendAsync(HttpRequestMessage request, Boolean async, CancellationToken cancellationToken)
   at GitHub.Services.Common.RawHttpMessageHandler.SendAsync(HttpRequestMessage request, CancellationToken cancellationToken)
   at GitHub.Services.Common.VssHttpRetryMessageHandler.SendAsync(HttpRequestMessage request, CancellationToken cancellationToken)
   at System.Net.Http.HttpClient.<SendAsync>g__Core|83_0(HttpRequestMessage request, HttpCompletionOption completionOption, CancellationTokenSource cts, Boolean disposeCts, CancellationTokenSource pendingRequestsCts, CancellationToken originalCancellationToken)
   --- End of inner exception stack trace ---
   at System.Net.Http.HttpClient.HandleFailure(Exception e, Boolean telemetryStarted, HttpResponseMessage response, CancellationTokenSource cts, CancellationToken cancellationToken, CancellationTokenSource pendingRequestsCts)
   at System.Net.Http.HttpClient.<SendAsync>g__Core|83_0(HttpRequestMessage request, HttpCompletionOption completionOption, CancellationTokenSource cts, Boolean disposeCts, CancellationTokenSource pendingRequestsCts, CancellationToken originalCancellationToken)
   at Sdk.WebApi.WebApi.RawHttpClientBase.SendAsync(HttpRequestMessage message, HttpCompletionOption completionOption, Object userState, CancellationToken cancellationToken)
   at Sdk.WebApi.WebApi.RawHttpClientBase.SendAsync[T](HttpRequestMessage message, Boolean readErrorBody, Object userState, CancellationToken cancellationToken)
   at Sdk.WebApi.WebApi.RawHttpClientBase.SendAsync[T](HttpMethod method, IEnumerable`1 additionalHeaders, Uri requestUri, HttpContent content, IEnumerable`1 queryParameters, Boolean readErrorBody, Object userState, CancellationToken cancellationToken)
   at GitHub.Actions.RunService.WebApi.BrokerHttpClient.GetRunnerMessageAsync(Nullable`1 sessionId, String runnerVersion, Nullable`1 status, String os, String architecture, Nullable`1 disableUpdate, CancellationToken cancellationToken)
   at GitHub.Runner.Common.BrokerServer.<>c__DisplayClass7_0.<<GetRunnerMessageAsync>b__0>d.MoveNext()
--- End of stack trace from previous location ---
   at GitHub.Runner.Common.RunnerService.RetryRequest[T](Func`1 func, CancellationToken cancellationToken, Int32 maxAttempts, Func`2 shouldRetry)
[2026-04-13 06:20:05Z ERR  BrokerServer] #####################################################
[2026-04-13 06:20:05Z ERR  BrokerServer] System.Threading.Tasks.TaskCanceledException: The operation was canceled.
 ---> System.IO.IOException: Unable to read data from the transport connection: 스레드 종료 또는 응용 프로그램 요청 때문에 I/O 작업이 취소되었습니다..
 ---> System.Net.Sockets.SocketException (995): 스레드 종료 또는 응용 프로그램 요청 때문에 I/O 작업이 취소되었습니다.
   --- End of inner exception stack trace ---
   at System.Net.Sockets.Socket.AwaitableSocketAsyncEventArgs.System.Threading.Tasks.Sources.IValueTaskSource<System.Int32>.GetResult(Int16 token)
   at System.Net.Security.SslStream.EnsureFullTlsFrameAsync[TIOAdapter](CancellationToken cancellationToken, Int32 estimatedSize)
   at System.Runtime.CompilerServices.PoolingAsyncValueTaskMethodBuilder`1.StateMachineBox`1.System.Threading.Tasks.Sources.IValueTaskSource<TResult>.GetResult(Int16 token)
   at System.Net.Security.SslStream.ReadAsyncInternal[TIOAdapter](Memory`1 buffer, CancellationToken cancellationToken)
   at System.Runtime.CompilerServices.PoolingAsyncValueTaskMethodBuilder`1.StateMachineBox`1.System.Threading.Tasks.Sources.IValueTaskSource<TResult>.GetResult(Int16 token)
   at System.Net.Http.HttpConnection.SendAsync(HttpRequestMessage request, Boolean async, CancellationToken cancellationToken)
   --- End of inner exception stack trace ---
   at System.Net.Http.HttpConnection.SendAsync(HttpRequestMessage request, Boolean async, CancellationToken cancellationToken)
   at System.Net.Http.AuthenticationHelper.SendWithNtAuthAsync(HttpRequestMessage request, Uri authUri, Boolean async, ICredentials credentials, Boolean isProxyAuth, HttpConnection connection, HttpConnectionPool connectionPool, CancellationToken cancellationToken)
   at System.Net.Http.HttpConnectionPool.SendWithVersionDetectionAndRetryAsync(HttpRequestMessage request, Boolean async, Boolean doRequestAuth, CancellationToken cancellationToken)
   at System.Net.Http.AuthenticationHelper.SendWithAuthAsync(HttpRequestMessage request, Uri authUri, Boolean async, ICredentials credentials, Boolean preAuthenticate, Boolean isProxyAuth, Boolean doRequestAuth, HttpConnectionPool pool, CancellationToken cancellationToken)
   at System.Net.Http.RedirectHandler.SendAsync(HttpRequestMessage request, Boolean async, CancellationToken cancellationToken)
   at GitHub.Services.Common.RawHttpMessageHandler.SendAsync(HttpRequestMessage request, CancellationToken cancellationToken)
   at GitHub.Services.Common.VssHttpRetryMessageHandler.SendAsync(HttpRequestMessage request, CancellationToken cancellationToken)
   at System.Net.Http.HttpClient.<SendAsync>g__Core|83_0(HttpRequestMessage request, HttpCompletionOption completionOption, CancellationTokenSource cts, Boolean disposeCts, CancellationTokenSource pendingRequestsCts, CancellationToken originalCancellationToken)
[2026-04-13 06:20:05Z ERR  BrokerServer] #####################################################
[2026-04-13 06:20:05Z ERR  BrokerServer] System.IO.IOException: Unable to read data from the transport connection: 스레드 종료 또는 응용 프로그램 요청 때문에 I/O 작업이 취소되었습니다..
 ---> System.Net.Sockets.SocketException (995): 스레드 종료 또는 응용 프로그램 요청 때문에 I/O 작업이 취소되었습니다.
   --- End of inner exception stack trace ---
   at System.Net.Sockets.Socket.AwaitableSocketAsyncEventArgs.System.Threading.Tasks.Sources.IValueTaskSource<System.Int32>.GetResult(Int16 token)
   at System.Net.Security.SslStream.EnsureFullTlsFrameAsync[TIOAdapter](CancellationToken cancellationToken, Int32 estimatedSize)
   at System.Runtime.CompilerServices.PoolingAsyncValueTaskMethodBuilder`1.StateMachineBox`1.System.Threading.Tasks.Sources.IValueTaskSource<TResult>.GetResult(Int16 token)
   at System.Net.Security.SslStream.ReadAsyncInternal[TIOAdapter](Memory`1 buffer, CancellationToken cancellationToken)
   at System.Runtime.CompilerServices.PoolingAsyncValueTaskMethodBuilder`1.StateMachineBox`1.System.Threading.Tasks.Sources.IValueTaskSource<TResult>.GetResult(Int16 token)
   at System.Net.Http.HttpConnection.SendAsync(HttpRequestMessage request, Boolean async, CancellationToken cancellationToken)
[2026-04-13 06:20:05Z ERR  BrokerServer] #####################################################
[2026-04-13 06:20:05Z ERR  BrokerServer] System.Net.Sockets.SocketException (995): 스레드 종료 또는 응용 프로그램 요청 때문에 I/O 작업이 취소되었습니다.
[2026-04-13 06:20:05Z WARN BrokerServer] Back off 10.128 seconds before next retry. 4 attempt left.
[2026-04-13 06:20:05Z INFO BrokerMessageListener] Get messages has been cancelled using local token source. Continue to get messages with new status.
