[2026-04-13 00:06:51Z INFO HostContext] No proxy settings were found based on environmental variables (http_proxy/https_proxy/HTTP_PROXY/HTTPS_PROXY)
[2026-04-13 00:06:51Z INFO HostContext] Well known directory 'Bin': 'C:\Users\sypark5\TestAgent\actions-runner\bin'
[2026-04-13 00:06:51Z INFO HostContext] Well known directory 'Root': 'C:\Users\sypark5\TestAgent\actions-runner'
[2026-04-13 00:06:51Z INFO HostContext] Well known config file 'Credentials': 'C:\Users\sypark5\TestAgent\actions-runner\.credentials'
[2026-04-13 00:06:51Z INFO HostContext] Well known directory 'Bin': 'C:\Users\sypark5\TestAgent\actions-runner\bin'
[2026-04-13 00:06:51Z INFO HostContext] Well known directory 'Root': 'C:\Users\sypark5\TestAgent\actions-runner'
[2026-04-13 00:06:51Z INFO HostContext] Well known config file 'Runner': 'C:\Users\sypark5\TestAgent\actions-runner\.runner'
[2026-04-13 00:06:51Z INFO Listener] Runner is built for Windows (X64) - win-x64.
[2026-04-13 00:06:51Z INFO Listener] RuntimeInformation: Microsoft Windows 10.0.26200.
[2026-04-13 00:06:51Z INFO Listener] Version: 2.333.1
[2026-04-13 00:06:51Z INFO Listener] Commit: 6792966801e8925346735b68c03bf9f347af4646
[2026-04-13 00:06:51Z INFO Listener] Culture: ko-KR
[2026-04-13 00:06:51Z INFO Listener] UI Culture: ko-KR
[2026-04-13 00:06:51Z INFO HostContext] Well known directory 'Bin': 'C:\Users\sypark5\TestAgent\actions-runner\bin'
[2026-04-13 00:06:51Z INFO HostContext] Well known directory 'Root': 'C:\Users\sypark5\TestAgent\actions-runner'
[2026-04-13 00:06:51Z INFO Listener] Validating directory permissions for: 'C:\Users\sypark5\TestAgent\actions-runner'
[2026-04-13 00:06:51Z INFO CommandLineParser] Parse
[2026-04-13 00:06:51Z INFO CommandLineParser] Parsing 5 args
[2026-04-13 00:06:51Z INFO CommandLineParser] parsing argument
[2026-04-13 00:06:51Z INFO CommandLineParser] HasArgs: False
[2026-04-13 00:06:51Z INFO CommandLineParser] Adding Command: configure
[2026-04-13 00:06:51Z INFO CommandLineParser] parsing argument
[2026-04-13 00:06:51Z INFO CommandLineParser] HasArgs: True
[2026-04-13 00:06:51Z INFO CommandLineParser] arg: url
[2026-04-13 00:06:51Z INFO CommandLineParser] parsing argument
[2026-04-13 00:06:51Z INFO CommandLineParser] HasArgs: True
[2026-04-13 00:06:51Z INFO CommandLineParser] Adding option 'url': 'https://github.com/soyeon911/Test_Auto'
[2026-04-13 00:06:51Z INFO CommandLineParser] parsing argument
[2026-04-13 00:06:51Z INFO CommandLineParser] HasArgs: True
[2026-04-13 00:06:51Z INFO CommandLineParser] arg: token
[2026-04-13 00:06:51Z INFO CommandLineParser] parsing argument
[2026-04-13 00:06:51Z INFO CommandLineParser] HasArgs: True
[2026-04-13 00:06:51Z INFO CommandLineParser] Adding option 'token': '***'
[2026-04-13 00:06:51Z INFO Listener] Arguments parsed
[2026-04-13 00:06:51Z INFO Runner] ExecuteCommand
[2026-04-13 00:06:51Z INFO ConfigurationStore] currentAssemblyLocation: C:\Users\sypark5\TestAgent\actions-runner\bin\Runner.Listener.dll
[2026-04-13 00:06:51Z INFO HostContext] Well known directory 'Bin': 'C:\Users\sypark5\TestAgent\actions-runner\bin'
[2026-04-13 00:06:51Z INFO ConfigurationStore] binPath: C:\Users\sypark5\TestAgent\actions-runner\bin
[2026-04-13 00:06:51Z INFO HostContext] Well known directory 'Bin': 'C:\Users\sypark5\TestAgent\actions-runner\bin'
[2026-04-13 00:06:51Z INFO HostContext] Well known directory 'Root': 'C:\Users\sypark5\TestAgent\actions-runner'
[2026-04-13 00:06:51Z INFO ConfigurationStore] RootFolder: C:\Users\sypark5\TestAgent\actions-runner
[2026-04-13 00:06:51Z INFO HostContext] Well known directory 'Bin': 'C:\Users\sypark5\TestAgent\actions-runner\bin'
[2026-04-13 00:06:51Z INFO HostContext] Well known directory 'Root': 'C:\Users\sypark5\TestAgent\actions-runner'
[2026-04-13 00:06:51Z INFO HostContext] Well known config file 'Runner': 'C:\Users\sypark5\TestAgent\actions-runner\.runner'
[2026-04-13 00:06:51Z INFO ConfigurationStore] ConfigFilePath: C:\Users\sypark5\TestAgent\actions-runner\.runner
[2026-04-13 00:06:51Z INFO HostContext] Well known directory 'Bin': 'C:\Users\sypark5\TestAgent\actions-runner\bin'
[2026-04-13 00:06:51Z INFO HostContext] Well known directory 'Root': 'C:\Users\sypark5\TestAgent\actions-runner'
[2026-04-13 00:06:51Z INFO HostContext] Well known config file 'MigratedRunner': 'C:\Users\sypark5\TestAgent\actions-runner\.runner_migrated'
[2026-04-13 00:06:51Z INFO ConfigurationStore] MigratedConfigFilePath: C:\Users\sypark5\TestAgent\actions-runner\.runner_migrated
[2026-04-13 00:06:51Z INFO HostContext] Well known directory 'Bin': 'C:\Users\sypark5\TestAgent\actions-runner\bin'
[2026-04-13 00:06:51Z INFO HostContext] Well known directory 'Root': 'C:\Users\sypark5\TestAgent\actions-runner'
[2026-04-13 00:06:51Z INFO HostContext] Well known config file 'Credentials': 'C:\Users\sypark5\TestAgent\actions-runner\.credentials'
[2026-04-13 00:06:51Z INFO ConfigurationStore] CredFilePath: C:\Users\sypark5\TestAgent\actions-runner\.credentials
[2026-04-13 00:06:51Z INFO HostContext] Well known directory 'Bin': 'C:\Users\sypark5\TestAgent\actions-runner\bin'
[2026-04-13 00:06:51Z INFO HostContext] Well known directory 'Root': 'C:\Users\sypark5\TestAgent\actions-runner'
[2026-04-13 00:06:51Z INFO HostContext] Well known config file 'MigratedCredentials': 'C:\Users\sypark5\TestAgent\actions-runner\.credentials_migrated'
[2026-04-13 00:06:51Z INFO ConfigurationStore] MigratedCredFilePath: C:\Users\sypark5\TestAgent\actions-runner\.credentials_migrated
[2026-04-13 00:06:51Z INFO HostContext] Well known directory 'Bin': 'C:\Users\sypark5\TestAgent\actions-runner\bin'
[2026-04-13 00:06:51Z INFO HostContext] Well known directory 'Root': 'C:\Users\sypark5\TestAgent\actions-runner'
[2026-04-13 00:06:51Z INFO HostContext] Well known config file 'Service': 'C:\Users\sypark5\TestAgent\actions-runner\.service'
[2026-04-13 00:06:51Z INFO ConfigurationStore] ServiceConfigFilePath: C:\Users\sypark5\TestAgent\actions-runner\.service
[2026-04-13 00:06:51Z INFO CommandSettings] Flag 'help': 'False'
[2026-04-13 00:06:51Z INFO CommandSettings] Flag 'version': 'False'
[2026-04-13 00:06:51Z INFO CommandSettings] Flag 'commit': 'False'
[2026-04-13 00:06:51Z INFO CommandSettings] Flag 'check': 'False'
[2026-04-13 00:06:51Z INFO CommandSettings] Command 'configure': 'True'
[2026-04-13 00:06:51Z INFO Terminal] WRITE LINE: 
[2026-04-13 00:06:51Z INFO Terminal] WRITE LINE: --------------------------------------------------------------------------------
[2026-04-13 00:06:51Z INFO Terminal] WRITE LINE: |        ____ _ _   _   _       _          _        _   _                      |
[2026-04-13 00:06:51Z INFO Terminal] WRITE LINE: |       / ___(_) |_| | | |_   _| |__      / \   ___| |_(_) ___  _ __  ___      |
[2026-04-13 00:06:51Z INFO Terminal] WRITE LINE: |      | |  _| | __| |_| | | | | '_ \    / _ \ / __| __| |/ _ \| '_ \/ __|     |
[2026-04-13 00:06:51Z INFO Terminal] WRITE LINE: |      | |_| | | |_|  _  | |_| | |_) |  / ___ \ (__| |_| | (_) | | | \__ \     |
[2026-04-13 00:06:51Z INFO Terminal] WRITE LINE: |       \____|_|\__|_| |_|\__,_|_.__/  /_/   \_\___|\__|_|\___/|_| |_|___/     |
[2026-04-13 00:06:51Z INFO Terminal] WRITE LINE: |                                                                              |
[2026-04-13 00:06:51Z INFO Terminal] WRITE: |                       
[2026-04-13 00:06:51Z INFO Terminal] WRITE: Self-hosted runner registration
[2026-04-13 00:06:51Z INFO Terminal] WRITE LINE:                         |
[2026-04-13 00:06:51Z INFO Terminal] WRITE LINE: |                                                                              |
[2026-04-13 00:06:51Z INFO Terminal] WRITE LINE: --------------------------------------------------------------------------------
[2026-04-13 00:06:51Z INFO ConfigurationManager] ConfigureAsync
[2026-04-13 00:06:51Z INFO CommandSettings] Flag 'generateServiceConfig': 'False'
[2026-04-13 00:06:51Z INFO ConfigurationStore] IsConfigured()
[2026-04-13 00:06:51Z INFO ConfigurationStore] IsConfigured: False
[2026-04-13 00:06:51Z INFO ConfigurationManager] Is configured: False
[2026-04-13 00:06:51Z INFO CommandSettings] Arg 'url': 'https://github.com/soyeon911/Test_Auto'
[2026-04-13 00:06:51Z INFO CommandSettings] Remove url from Arg dictionary.
[2026-04-13 00:06:51Z INFO CommandSettings] Arg 'token': '***'
[2026-04-13 00:06:51Z INFO CommandSettings] Remove token from Arg dictionary.
[2026-04-13 00:06:51Z INFO ConfigurationManager] Http response code: OK from 'POST https://api.github.com/actions/runner-registration' (FF0D:3A91F1:EADD2:12C262:69DC339B)
[2026-04-13 00:06:51Z INFO ConfigurationManager] Using runner-admin flow: False
[2026-04-13 00:06:51Z INFO ConfigurationManager] cred retrieved via GitHub auth
[2026-04-13 00:06:51Z INFO RunnerServer] EstablishVssConnection
[2026-04-13 00:06:51Z INFO RunnerServer] Establish connection with 100 seconds timeout.
[2026-04-13 00:06:52Z INFO GitHubActionsService] Starting operation Location.GetConnectionData
[2026-04-13 00:06:52Z INFO RunnerServer] EstablishVssConnection
[2026-04-13 00:06:52Z INFO RunnerServer] Establish connection with 60 seconds timeout.
[2026-04-13 00:06:52Z INFO GitHubActionsService] Starting operation Location.GetConnectionData
[2026-04-13 00:06:52Z INFO RunnerServer] EstablishVssConnection
[2026-04-13 00:06:52Z INFO RunnerServer] Establish connection with 60 seconds timeout.
[2026-04-13 00:06:52Z INFO GitHubActionsService] Starting operation Location.GetConnectionData
[2026-04-13 00:06:53Z INFO GitHubActionsService] Finished operation Location.GetConnectionData
[2026-04-13 00:06:53Z INFO GitHubActionsService] Finished operation Location.GetConnectionData
[2026-04-13 00:06:53Z INFO GitHubActionsService] Finished operation Location.GetConnectionData
[2026-04-13 00:06:53Z INFO Terminal] WRITE LINE: 
[2026-04-13 00:06:53Z INFO ConfigurationManager] Test Connection complete.
[2026-04-13 00:06:53Z INFO HostContext] Well known directory 'Bin': 'C:\Users\sypark5\TestAgent\actions-runner\bin'
[2026-04-13 00:06:53Z INFO HostContext] Well known directory 'Root': 'C:\Users\sypark5\TestAgent\actions-runner'
[2026-04-13 00:06:53Z INFO HostContext] Well known config file 'RSACredentials': 'C:\Users\sypark5\TestAgent\actions-runner\.credentials_rsaparams'
[2026-04-13 00:06:53Z INFO RSAEncryptedFileKeyManager] Creating new RSA key using 2048-bit key length
[2026-04-13 00:06:53Z INFO RSAEncryptedFileKeyManager] Successfully saved RSA key parameters to file C:\Users\sypark5\TestAgent\actions-runner\.credentials_rsaparams
[2026-04-13 00:06:53Z INFO CommandSettings] Arg 'runnergroup': ''
[2026-04-13 00:06:53Z INFO CommandSettings] Flag 'unattended': 'False'
[2026-04-13 00:06:53Z INFO PromptManager] ReadValue
[2026-04-13 00:06:53Z INFO Terminal] WRITE: Enter the name of the runner group to add this runner to: 
[2026-04-13 00:06:53Z INFO Terminal] WRITE: [press Enter for Default] 
[2026-04-13 00:06:53Z INFO Terminal] READ LINE
[2026-04-13 00:06:59Z INFO Terminal] Read value: ''
[2026-04-13 00:06:59Z INFO PromptManager] Falling back to the default: 'Default'
[2026-04-13 00:06:59Z INFO Terminal] WRITE LINE: 
[2026-04-13 00:06:59Z INFO ConfigurationManager] Found a self-hosted runner group with id 1 and name Default
[2026-04-13 00:06:59Z INFO CommandSettings] Flag 'disableupdate': 'False'
[2026-04-13 00:06:59Z INFO CommandSettings] Flag 'ephemeral': 'False'
[2026-04-13 00:06:59Z INFO CommandSettings] Arg 'name': ''
[2026-04-13 00:06:59Z INFO CommandSettings] Flag 'unattended': 'False'
[2026-04-13 00:06:59Z INFO PromptManager] ReadValue
[2026-04-13 00:06:59Z INFO Terminal] WRITE: Enter the name of runner: 
[2026-04-13 00:06:59Z INFO Terminal] WRITE: [press Enter for SYPARK5_DT01] 
[2026-04-13 00:06:59Z INFO Terminal] READ LINE
[2026-04-13 00:07:01Z INFO Terminal] Read value: ''
[2026-04-13 00:07:01Z INFO PromptManager] Falling back to the default: 'SYPARK5_DT01'
[2026-04-13 00:07:01Z INFO Terminal] WRITE LINE: 
[2026-04-13 00:07:01Z INFO CommandSettings] Arg 'labels': ''
[2026-04-13 00:07:01Z INFO CommandSettings] Flag 'unattended': 'False'
[2026-04-13 00:07:01Z INFO PromptManager] ReadValue
[2026-04-13 00:07:01Z INFO Terminal] WRITE: This runner will have the following labels: 'self-hosted', 'Windows', 'X64' 
Enter any additional labels (ex. label-1,label-2): 
[2026-04-13 00:07:01Z INFO Terminal] WRITE: [press Enter to skip] 
[2026-04-13 00:07:01Z INFO Terminal] READ LINE
[2026-04-13 00:07:11Z INFO Terminal] Read value: ''
[2026-04-13 00:07:11Z INFO Terminal] WRITE LINE: 
[2026-04-13 00:07:12Z INFO CommandSettings] Flag 'disableupdate': 'False'
[2026-04-13 00:07:12Z INFO CommandSettings] Flag 'no-default-labels': 'False'
[2026-04-13 00:07:12Z INFO CommandSettings] Flag 'disableupdate': 'False'
[2026-04-13 00:07:12Z INFO CommandSettings] Flag 'ephemeral': 'False'
[2026-04-13 00:07:12Z INFO ConfigurationStore] Saving OAuth credential @ C:\Users\sypark5\TestAgent\actions-runner\.credentials
[2026-04-13 00:07:12Z INFO ConfigurationStore] Credentials Saved.
[2026-04-13 00:07:12Z INFO ConfigurationManager] Service enforced serverUrlV2: https://broker.actions.githubusercontent.com/
[2026-04-13 00:07:12Z INFO ConfigurationManager] Service enforced useV2Flow: True
[2026-04-13 00:07:12Z INFO CommandSettings] Arg 'work': ''
[2026-04-13 00:07:12Z INFO CommandSettings] Flag 'unattended': 'False'
[2026-04-13 00:07:12Z INFO PromptManager] ReadValue
[2026-04-13 00:07:12Z INFO Terminal] WRITE: Enter name of work folder: 
[2026-04-13 00:07:12Z INFO Terminal] WRITE: [press Enter for _work] 
[2026-04-13 00:07:12Z INFO Terminal] READ LINE
[2026-04-13 00:07:15Z INFO Terminal] Read value: ''
[2026-04-13 00:07:15Z INFO PromptManager] Falling back to the default: '_work'
[2026-04-13 00:07:15Z INFO ConfigurationStore] Saving runner settings.
[2026-04-13 00:07:15Z INFO ConfigurationStore] Settings Saved.
[2026-04-13 00:07:15Z INFO Terminal] WRITE LINE: 
[2026-04-13 00:07:15Z INFO Terminal] WRITE LINE: 
[2026-04-13 00:07:15Z INFO CommandSettings] Flag 'runasservice': 'False'
[2026-04-13 00:07:15Z INFO CommandSettings] Flag 'unattended': 'False'
[2026-04-13 00:07:15Z INFO PromptManager] ReadValue
[2026-04-13 00:07:15Z INFO Terminal] WRITE: Would you like to run the runner as service? (Y/N) 
[2026-04-13 00:07:15Z INFO Terminal] WRITE: [press Enter for N] 
[2026-04-13 00:07:15Z INFO Terminal] READ LINE
[2026-04-13 00:07:23Z INFO Terminal] Read value: 'y'
[2026-04-13 00:07:23Z INFO ConfigurationManager] Configuring to run the agent as service
[2026-04-13 00:07:23Z INFO CommandSettings] Arg 'windowslogonaccount': ''
[2026-04-13 00:07:23Z INFO CommandSettings] Flag 'unattended': 'False'
[2026-04-13 00:07:23Z INFO PromptManager] ReadValue
[2026-04-13 00:07:23Z INFO Terminal] WRITE: User account to use for the service 
[2026-04-13 00:07:23Z INFO Terminal] WRITE: [press Enter for NT AUTHORITY\NETWORK SERVICE] 
[2026-04-13 00:07:23Z INFO Terminal] READ LINE
[2026-04-13 00:09:03Z INFO Terminal] Read value: '.\sypark5'
[2026-04-13 00:09:03Z INFO WindowsServiceControlManager] LogonAccount after transforming: SYPARK5_DT01\sypark5, user: sypark5, domain: SYPARK5_DT01
[2026-04-13 00:09:03Z ERR  Runner] System.Security.Principal.IdentityNotMappedException: Some or all identity references could not be translated.
   at System.Security.Principal.NTAccount.Translate(IdentityReferenceCollection sourceAccounts, Type targetType, Boolean forceSuccess)
   at System.Security.Principal.NTAccount.Translate(Type targetType)
   at GitHub.Runner.Listener.Configuration.NativeWindowsServiceHelper.IsWellKnownIdentity(String accountName)
   at GitHub.Runner.Listener.Configuration.WindowsServiceControlManager.ConfigureService(RunnerSettings settings, CommandSettings command)
   at GitHub.Runner.Listener.Configuration.ConfigurationManager.ConfigureAsync(CommandSettings command)
   at GitHub.Runner.Listener.Runner.ExecuteCommand(CommandSettings command)
[2026-04-13 00:09:03Z ERR  Terminal] WRITE ERROR: Some or all identity references could not be translated.
[2026-04-13 00:09:03Z INFO Listener] Runner execution has finished with return code 1
